2021-03-30 00:03:53,462 INFO com.cg.hims.application.HomeInsuranceManagementSystemApplication [restartedMain] Starting HomeInsuranceManagementSystemApplication using Java 1.8.0_281 on DESKTOP-PTPOCAH with PID 5520 (C:\Users\Prathmesh\git\HomeInsuranceSystem\Home-Insurance-Management-System\target\classes started by Prathmesh in C:\Users\Prathmesh\git\HomeInsuranceSystem\Home-Insurance-Management-System)
2021-03-30 00:03:53,453 INFO org.hibernate.validator.internal.util.Version [background-preinit] HV000001: Hibernate Validator 6.1.7.Final
2021-03-30 00:03:53,465 DEBUG com.cg.hims.application.HomeInsuranceManagementSystemApplication [restartedMain] Running with Spring Boot v2.4.3, Spring v5.3.4
2021-03-30 00:03:53,466 INFO com.cg.hims.application.HomeInsuranceManagementSystemApplication [restartedMain] No active profile set, falling back to default profiles: default
2021-03-30 00:03:53,603 INFO org.springframework.boot.devtools.env.DevToolsPropertyDefaultsPostProcessor [restartedMain] Devtools property defaults active! Set 'spring.devtools.add-properties' to 'false' to disable
2021-03-30 00:03:53,603 INFO org.springframework.boot.devtools.env.DevToolsPropertyDefaultsPostProcessor [restartedMain] For additional web related logging consider setting the 'logging.level.web' property to 'DEBUG'
2021-03-30 00:03:55,256 INFO org.springframework.data.repository.config.RepositoryConfigurationDelegate [restartedMain] Bootstrapping Spring Data JPA repositories in DEFAULT mode.
2021-03-30 00:03:55,332 INFO org.springframework.data.repository.config.RepositoryConfigurationDelegate [restartedMain] Finished Spring Data repository scanning in 62 ms. Found 3 JPA repository interfaces.
2021-03-30 00:03:57,188 INFO org.springframework.boot.web.embedded.tomcat.TomcatWebServer [restartedMain] Tomcat initialized with port(s): 8085 (http)
2021-03-30 00:03:57,203 INFO org.apache.coyote.http11.Http11NioProtocol [restartedMain] Initializing ProtocolHandler ["http-nio-8085"]
2021-03-30 00:03:57,204 INFO org.apache.catalina.core.StandardService [restartedMain] Starting service [Tomcat]
2021-03-30 00:03:57,204 INFO org.apache.catalina.core.StandardEngine [restartedMain] Starting Servlet engine: [Apache Tomcat/9.0.43]
2021-03-30 00:03:57,316 INFO org.apache.catalina.core.ContainerBase.[Tomcat].[localhost].[/springfox] [restartedMain] Initializing Spring embedded WebApplicationContext
2021-03-30 00:03:57,316 INFO org.springframework.boot.web.servlet.context.ServletWebServerApplicationContext [restartedMain] Root WebApplicationContext: initialization completed in 3712 ms
2021-03-30 00:03:57,731 INFO org.hibernate.jpa.internal.util.LogHelper [restartedMain] HHH000204: Processing PersistenceUnitInfo [name: default]
2021-03-30 00:03:57,830 INFO org.hibernate.Version [restartedMain] HHH000412: Hibernate ORM core version 5.4.28.Final
2021-03-30 00:03:58,052 INFO org.hibernate.annotations.common.Version [restartedMain] HCANN000001: Hibernate Commons Annotations {5.1.2.Final}
2021-03-30 00:03:58,235 INFO com.zaxxer.hikari.HikariDataSource [restartedMain] HikariPool-1 - Starting...
2021-03-30 00:03:58,927 INFO com.zaxxer.hikari.HikariDataSource [restartedMain] HikariPool-1 - Start completed.
2021-03-30 00:03:58,992 INFO org.hibernate.dialect.Dialect [restartedMain] HHH000400: Using dialect: org.hibernate.dialect.PostgreSQL10Dialect
2021-03-30 00:04:00,686 INFO org.hibernate.engine.transaction.jta.platform.internal.JtaPlatformInitiator [restartedMain] HHH000490: Using JtaPlatform implementation: [org.hibernate.engine.transaction.jta.platform.internal.NoJtaPlatform]
2021-03-30 00:04:00,699 INFO org.springframework.orm.jpa.LocalContainerEntityManagerFactoryBean [restartedMain] Initialized JPA EntityManagerFactory for persistence unit 'default'
2021-03-30 00:04:00,717 INFO org.springframework.boot.devtools.autoconfigure.OptionalLiveReloadServer [restartedMain] LiveReload server is running on port 35729
2021-03-30 00:04:01,984 WARN org.springframework.boot.autoconfigure.orm.jpa.JpaBaseConfiguration$JpaWebConfiguration [restartedMain] spring.jpa.open-in-view is enabled by default. Therefore, database queries may be performed during view rendering. Explicitly configure spring.jpa.open-in-view to disable this warning
2021-03-30 00:04:02,400 INFO org.springframework.boot.actuate.endpoint.web.EndpointLinksResolver [restartedMain] Exposing 2 endpoint(s) beneath base path '/actuator'
2021-03-30 00:04:03,020 INFO org.apache.coyote.http11.Http11NioProtocol [restartedMain] Starting ProtocolHandler ["http-nio-8085"]
2021-03-30 00:04:03,046 INFO org.springframework.boot.web.embedded.tomcat.TomcatWebServer [restartedMain] Tomcat started on port(s): 8085 (http) with context path '/springfox'
2021-03-30 00:04:03,701 INFO com.cg.hims.application.HomeInsuranceManagementSystemApplication [restartedMain] Started HomeInsuranceManagementSystemApplication in 10.71 seconds (JVM running for 11.506)
2021-03-30 00:04:17,151 INFO org.apache.catalina.core.ContainerBase.[Tomcat].[localhost].[/springfox] [http-nio-8085-exec-1] Initializing Spring DispatcherServlet 'dispatcherServlet'
2021-03-30 00:04:17,151 INFO org.springframework.web.servlet.DispatcherServlet [http-nio-8085-exec-1] Initializing Servlet 'dispatcherServlet'
2021-03-30 00:04:17,154 INFO org.springframework.web.servlet.DispatcherServlet [http-nio-8085-exec-1] Completed initialization in 3 ms
2021-03-30 00:15:27,767 INFO org.springframework.boot.test.context.SpringBootTestContextBootstrapper [main] Neither @ContextConfiguration nor @ContextHierarchy found for test class [com.cg.hims.application.PolicyControllerTest], using SpringBootContextLoader
2021-03-30 00:15:27,774 INFO org.springframework.test.context.support.AbstractContextLoader [main] Could not detect default resource locations for test class [com.cg.hims.application.PolicyControllerTest]: no resource found for suffixes {-context.xml, Context.groovy}.
2021-03-30 00:15:27,775 INFO org.springframework.test.context.support.AnnotationConfigContextLoaderUtils [main] Could not detect default configuration classes for test class [com.cg.hims.application.PolicyControllerTest]: PolicyControllerTest does not declare any static, non-private, non-final, nested classes annotated with @Configuration.
2021-03-30 00:15:27,941 INFO org.springframework.boot.test.context.SpringBootTestContextBootstrapper [main] Found @SpringBootConfiguration com.cg.hims.application.HomeInsuranceManagementSystemApplication for test class com.cg.hims.application.PolicyControllerTest
2021-03-30 00:15:28,084 INFO org.springframework.boot.test.context.SpringBootTestContextBootstrapper [main] Loaded default TestExecutionListener class names from location [META-INF/spring.factories]: [org.springframework.boot.test.mock.mockito.MockitoTestExecutionListener, org.springframework.boot.test.mock.mockito.ResetMocksTestExecutionListener, org.springframework.boot.test.autoconfigure.restdocs.RestDocsTestExecutionListener, org.springframework.boot.test.autoconfigure.web.client.MockRestServiceServerResetTestExecutionListener, org.springframework.boot.test.autoconfigure.web.servlet.MockMvcPrintOnlyOnFailureTestExecutionListener, org.springframework.boot.test.autoconfigure.web.servlet.WebDriverTestExecutionListener, org.springframework.boot.test.autoconfigure.webservices.client.MockWebServiceServerTestExecutionListener, org.springframework.test.context.web.ServletTestExecutionListener, org.springframework.test.context.support.DirtiesContextBeforeModesTestExecutionListener, org.springframework.test.context.event.ApplicationEventsTestExecutionListener, org.springframework.test.context.support.DependencyInjectionTestExecutionListener, org.springframework.test.context.support.DirtiesContextTestExecutionListener, org.springframework.test.context.transaction.TransactionalTestExecutionListener, org.springframework.test.context.jdbc.SqlScriptsTestExecutionListener, org.springframework.test.context.event.EventPublishingTestExecutionListener]
2021-03-30 00:15:28,116 INFO org.springframework.boot.test.context.SpringBootTestContextBootstrapper [main] Using TestExecutionListeners: [org.springframework.test.context.web.ServletTestExecutionListener@1cd629b3, org.springframework.test.context.support.DirtiesContextBeforeModesTestExecutionListener@589da3f3, org.springframework.test.context.event.ApplicationEventsTestExecutionListener@39d76cb5, org.springframework.boot.test.mock.mockito.MockitoTestExecutionListener@4a00d9cf, org.springframework.boot.test.autoconfigure.SpringBootDependencyInjectionTestExecutionListener@6736fa8d, org.springframework.test.context.support.DirtiesContextTestExecutionListener@52815fa3, org.springframework.test.context.transaction.TransactionalTestExecutionListener@50313382, org.springframework.test.context.jdbc.SqlScriptsTestExecutionListener@1cb346ea, org.springframework.test.context.event.EventPublishingTestExecutionListener@4c012563, org.springframework.boot.test.mock.mockito.ResetMocksTestExecutionListener@14a50707, org.springframework.boot.test.autoconfigure.restdocs.RestDocsTestExecutionListener@4d518b32, org.springframework.boot.test.autoconfigure.web.client.MockRestServiceServerResetTestExecutionListener@4bd31064, org.springframework.boot.test.autoconfigure.web.servlet.MockMvcPrintOnlyOnFailureTestExecutionListener@e3c0e40, org.springframework.boot.test.autoconfigure.web.servlet.WebDriverTestExecutionListener@329dbdbf, org.springframework.boot.test.autoconfigure.webservices.client.MockWebServiceServerTestExecutionListener@7354b8c5]
2021-03-30 00:15:28,546 INFO com.cg.hims.application.PolicyControllerTest [main] Starting PolicyControllerTest using Java 1.8.0_281 on DESKTOP-PTPOCAH with PID 11868 (started by Prathmesh in C:\Users\Prathmesh\git\HomeInsuranceSystem\Home-Insurance-Management-System)
2021-03-30 00:15:28,547 DEBUG com.cg.hims.application.PolicyControllerTest [main] Running with Spring Boot v2.4.3, Spring v5.3.4
2021-03-30 00:15:28,550 INFO com.cg.hims.application.PolicyControllerTest [main] No active profile set, falling back to default profiles: default
2021-03-30 00:15:28,647 INFO org.hibernate.validator.internal.util.Version [background-preinit] HV000001: Hibernate Validator 6.1.7.Final
2021-03-30 00:15:30,223 INFO org.springframework.data.repository.config.RepositoryConfigurationDelegate [main] Bootstrapping Spring Data JPA repositories in DEFAULT mode.
2021-03-30 00:15:30,308 INFO org.springframework.data.repository.config.RepositoryConfigurationDelegate [main] Finished Spring Data repository scanning in 73 ms. Found 3 JPA repository interfaces.
2021-03-30 00:15:32,446 INFO org.hibernate.jpa.internal.util.LogHelper [main] HHH000204: Processing PersistenceUnitInfo [name: default]
2021-03-30 00:15:32,526 INFO org.hibernate.Version [main] HHH000412: Hibernate ORM core version 5.4.28.Final
2021-03-30 00:15:32,588 INFO org.hibernate.annotations.common.Version [main] HCANN000001: Hibernate Commons Annotations {5.1.2.Final}
2021-03-30 00:15:32,987 INFO com.zaxxer.hikari.HikariDataSource [main] HikariPool-1 - Starting...
2021-03-30 00:15:33,597 INFO com.zaxxer.hikari.HikariDataSource [main] HikariPool-1 - Start completed.
2021-03-30 00:15:33,660 INFO org.hibernate.dialect.Dialect [main] HHH000400: Using dialect: org.hibernate.dialect.PostgreSQL10Dialect
2021-03-30 00:15:34,886 INFO org.hibernate.engine.transaction.jta.platform.internal.JtaPlatformInitiator [main] HHH000490: Using JtaPlatform implementation: [org.hibernate.engine.transaction.jta.platform.internal.NoJtaPlatform]
2021-03-30 00:15:34,897 INFO org.springframework.orm.jpa.LocalContainerEntityManagerFactoryBean [main] Initialized JPA EntityManagerFactory for persistence unit 'default'
2021-03-30 00:15:36,193 WARN org.springframework.boot.autoconfigure.orm.jpa.JpaBaseConfiguration$JpaWebConfiguration [main] spring.jpa.open-in-view is enabled by default. Therefore, database queries may be performed during view rendering. Explicitly configure spring.jpa.open-in-view to disable this warning
2021-03-30 00:15:36,851 INFO org.springframework.boot.actuate.endpoint.web.EndpointLinksResolver [main] Exposing 2 endpoint(s) beneath base path '/actuator'
2021-03-30 00:15:38,898 INFO com.cg.hims.application.PolicyControllerTest [main] Started PolicyControllerTest in 10.713 seconds (JVM running for 12.241)
2021-03-30 00:15:39,265 INFO org.springframework.orm.jpa.LocalContainerEntityManagerFactoryBean [SpringContextShutdownHook] Closing JPA EntityManagerFactory for persistence unit 'default'
2021-03-30 00:15:39,273 INFO com.zaxxer.hikari.HikariDataSource [SpringContextShutdownHook] HikariPool-1 - Shutdown initiated...
2021-03-30 00:15:39,309 INFO com.zaxxer.hikari.HikariDataSource [SpringContextShutdownHook] HikariPool-1 - Shutdown completed.
2021-03-30 00:17:05,737 INFO org.springframework.boot.test.context.SpringBootTestContextBootstrapper [main] Neither @ContextConfiguration nor @ContextHierarchy found for test class [com.cg.hims.application.PolicyControllerTest], using SpringBootContextLoader
2021-03-30 00:17:05,745 INFO org.springframework.test.context.support.AbstractContextLoader [main] Could not detect default resource locations for test class [com.cg.hims.application.PolicyControllerTest]: no resource found for suffixes {-context.xml, Context.groovy}.
2021-03-30 00:17:05,746 INFO org.springframework.test.context.support.AnnotationConfigContextLoaderUtils [main] Could not detect default configuration classes for test class [com.cg.hims.application.PolicyControllerTest]: PolicyControllerTest does not declare any static, non-private, non-final, nested classes annotated with @Configuration.
2021-03-30 00:17:05,920 INFO org.springframework.boot.test.context.SpringBootTestContextBootstrapper [main] Found @SpringBootConfiguration com.cg.hims.application.HomeInsuranceManagementSystemApplication for test class com.cg.hims.application.PolicyControllerTest
2021-03-30 00:17:06,052 INFO org.springframework.boot.test.context.SpringBootTestContextBootstrapper [main] Loaded default TestExecutionListener class names from location [META-INF/spring.factories]: [org.springframework.boot.test.mock.mockito.MockitoTestExecutionListener, org.springframework.boot.test.mock.mockito.ResetMocksTestExecutionListener, org.springframework.boot.test.autoconfigure.restdocs.RestDocsTestExecutionListener, org.springframework.boot.test.autoconfigure.web.client.MockRestServiceServerResetTestExecutionListener, org.springframework.boot.test.autoconfigure.web.servlet.MockMvcPrintOnlyOnFailureTestExecutionListener, org.springframework.boot.test.autoconfigure.web.servlet.WebDriverTestExecutionListener, org.springframework.boot.test.autoconfigure.webservices.client.MockWebServiceServerTestExecutionListener, org.springframework.test.context.web.ServletTestExecutionListener, org.springframework.test.context.support.DirtiesContextBeforeModesTestExecutionListener, org.springframework.test.context.event.ApplicationEventsTestExecutionListener, org.springframework.test.context.support.DependencyInjectionTestExecutionListener, org.springframework.test.context.support.DirtiesContextTestExecutionListener, org.springframework.test.context.transaction.TransactionalTestExecutionListener, org.springframework.test.context.jdbc.SqlScriptsTestExecutionListener, org.springframework.test.context.event.EventPublishingTestExecutionListener]
2021-03-30 00:17:06,078 INFO org.springframework.boot.test.context.SpringBootTestContextBootstrapper [main] Using TestExecutionListeners: [org.springframework.test.context.web.ServletTestExecutionListener@1cd629b3, org.springframework.test.context.support.DirtiesContextBeforeModesTestExecutionListener@589da3f3, org.springframework.test.context.event.ApplicationEventsTestExecutionListener@39d76cb5, org.springframework.boot.test.mock.mockito.MockitoTestExecutionListener@4a00d9cf, org.springframework.boot.test.autoconfigure.SpringBootDependencyInjectionTestExecutionListener@6736fa8d, org.springframework.test.context.support.DirtiesContextTestExecutionListener@52815fa3, org.springframework.test.context.transaction.TransactionalTestExecutionListener@50313382, org.springframework.test.context.jdbc.SqlScriptsTestExecutionListener@1cb346ea, org.springframework.test.context.event.EventPublishingTestExecutionListener@4c012563, org.springframework.boot.test.mock.mockito.ResetMocksTestExecutionListener@14a50707, org.springframework.boot.test.autoconfigure.restdocs.RestDocsTestExecutionListener@4d518b32, org.springframework.boot.test.autoconfigure.web.client.MockRestServiceServerResetTestExecutionListener@4bd31064, org.springframework.boot.test.autoconfigure.web.servlet.MockMvcPrintOnlyOnFailureTestExecutionListener@e3c0e40, org.springframework.boot.test.autoconfigure.web.servlet.WebDriverTestExecutionListener@329dbdbf, org.springframework.boot.test.autoconfigure.webservices.client.MockWebServiceServerTestExecutionListener@7354b8c5]
2021-03-30 00:17:06,508 INFO com.cg.hims.application.PolicyControllerTest [main] Starting PolicyControllerTest using Java 1.8.0_281 on DESKTOP-PTPOCAH with PID 11904 (started by Prathmesh in C:\Users\Prathmesh\git\HomeInsuranceSystem\Home-Insurance-Management-System)
2021-03-30 00:17:06,508 DEBUG com.cg.hims.application.PolicyControllerTest [main] Running with Spring Boot v2.4.3, Spring v5.3.4
2021-03-30 00:17:06,511 INFO com.cg.hims.application.PolicyControllerTest [main] No active profile set, falling back to default profiles: default
2021-03-30 00:17:06,531 INFO org.hibernate.validator.internal.util.Version [background-preinit] HV000001: Hibernate Validator 6.1.7.Final
2021-03-30 00:17:08,132 INFO org.springframework.data.repository.config.RepositoryConfigurationDelegate [main] Bootstrapping Spring Data JPA repositories in DEFAULT mode.
2021-03-30 00:17:08,224 INFO org.springframework.data.repository.config.RepositoryConfigurationDelegate [main] Finished Spring Data repository scanning in 83 ms. Found 3 JPA repository interfaces.
2021-03-30 00:17:10,267 INFO org.hibernate.jpa.internal.util.LogHelper [main] HHH000204: Processing PersistenceUnitInfo [name: default]
2021-03-30 00:17:10,368 INFO org.hibernate.Version [main] HHH000412: Hibernate ORM core version 5.4.28.Final
2021-03-30 00:17:10,435 INFO org.hibernate.annotations.common.Version [main] HCANN000001: Hibernate Commons Annotations {5.1.2.Final}
2021-03-30 00:17:10,820 INFO com.zaxxer.hikari.HikariDataSource [main] HikariPool-1 - Starting...
2021-03-30 00:17:11,435 INFO com.zaxxer.hikari.HikariDataSource [main] HikariPool-1 - Start completed.
2021-03-30 00:17:11,490 INFO org.hibernate.dialect.Dialect [main] HHH000400: Using dialect: org.hibernate.dialect.PostgreSQL10Dialect
2021-03-30 00:17:12,704 INFO org.hibernate.engine.transaction.jta.platform.internal.JtaPlatformInitiator [main] HHH000490: Using JtaPlatform implementation: [org.hibernate.engine.transaction.jta.platform.internal.NoJtaPlatform]
2021-03-30 00:17:12,716 INFO org.springframework.orm.jpa.LocalContainerEntityManagerFactoryBean [main] Initialized JPA EntityManagerFactory for persistence unit 'default'
2021-03-30 00:17:14,101 WARN org.springframework.boot.autoconfigure.orm.jpa.JpaBaseConfiguration$JpaWebConfiguration [main] spring.jpa.open-in-view is enabled by default. Therefore, database queries may be performed during view rendering. Explicitly configure spring.jpa.open-in-view to disable this warning
2021-03-30 00:17:14,721 INFO org.springframework.boot.actuate.endpoint.web.EndpointLinksResolver [main] Exposing 2 endpoint(s) beneath base path '/actuator'
2021-03-30 00:17:16,764 INFO com.cg.hims.application.PolicyControllerTest [main] Started PolicyControllerTest in 10.617 seconds (JVM running for 12.229)
2021-03-30 00:17:17,055 INFO org.springframework.orm.jpa.LocalContainerEntityManagerFactoryBean [SpringContextShutdownHook] Closing JPA EntityManagerFactory for persistence unit 'default'
2021-03-30 00:17:17,062 INFO com.zaxxer.hikari.HikariDataSource [SpringContextShutdownHook] HikariPool-1 - Shutdown initiated...
2021-03-30 00:17:17,087 INFO com.zaxxer.hikari.HikariDataSource [SpringContextShutdownHook] HikariPool-1 - Shutdown completed.
2021-03-30 00:27:30,708 INFO org.springframework.boot.test.context.SpringBootTestContextBootstrapper [main] Neither @ContextConfiguration nor @ContextHierarchy found for test class [com.cg.hims.application.PolicyControllerTest], using SpringBootContextLoader
2021-03-30 00:27:30,717 INFO org.springframework.test.context.support.AbstractContextLoader [main] Could not detect default resource locations for test class [com.cg.hims.application.PolicyControllerTest]: no resource found for suffixes {-context.xml, Context.groovy}.
2021-03-30 00:27:30,718 INFO org.springframework.test.context.support.AnnotationConfigContextLoaderUtils [main] Could not detect default configuration classes for test class [com.cg.hims.application.PolicyControllerTest]: PolicyControllerTest does not declare any static, non-private, non-final, nested classes annotated with @Configuration.
2021-03-30 00:27:30,888 INFO org.springframework.boot.test.context.SpringBootTestContextBootstrapper [main] Found @SpringBootConfiguration com.cg.hims.application.HomeInsuranceManagementSystemApplication for test class com.cg.hims.application.PolicyControllerTest
2021-03-30 00:27:31,026 INFO org.springframework.boot.test.context.SpringBootTestContextBootstrapper [main] Loaded default TestExecutionListener class names from location [META-INF/spring.factories]: [org.springframework.boot.test.mock.mockito.MockitoTestExecutionListener, org.springframework.boot.test.mock.mockito.ResetMocksTestExecutionListener, org.springframework.boot.test.autoconfigure.restdocs.RestDocsTestExecutionListener, org.springframework.boot.test.autoconfigure.web.client.MockRestServiceServerResetTestExecutionListener, org.springframework.boot.test.autoconfigure.web.servlet.MockMvcPrintOnlyOnFailureTestExecutionListener, org.springframework.boot.test.autoconfigure.web.servlet.WebDriverTestExecutionListener, org.springframework.boot.test.autoconfigure.webservices.client.MockWebServiceServerTestExecutionListener, org.springframework.test.context.web.ServletTestExecutionListener, org.springframework.test.context.support.DirtiesContextBeforeModesTestExecutionListener, org.springframework.test.context.event.ApplicationEventsTestExecutionListener, org.springframework.test.context.support.DependencyInjectionTestExecutionListener, org.springframework.test.context.support.DirtiesContextTestExecutionListener, org.springframework.test.context.transaction.TransactionalTestExecutionListener, org.springframework.test.context.jdbc.SqlScriptsTestExecutionListener, org.springframework.test.context.event.EventPublishingTestExecutionListener]
2021-03-30 00:27:31,054 INFO org.springframework.boot.test.context.SpringBootTestContextBootstrapper [main] Using TestExecutionListeners: [org.springframework.test.context.web.ServletTestExecutionListener@1cd629b3, org.springframework.test.context.support.DirtiesContextBeforeModesTestExecutionListener@589da3f3, org.springframework.test.context.event.ApplicationEventsTestExecutionListener@39d76cb5, org.springframework.boot.test.mock.mockito.MockitoTestExecutionListener@4a00d9cf, org.springframework.boot.test.autoconfigure.SpringBootDependencyInjectionTestExecutionListener@6736fa8d, org.springframework.test.context.support.DirtiesContextTestExecutionListener@52815fa3, org.springframework.test.context.transaction.TransactionalTestExecutionListener@50313382, org.springframework.test.context.jdbc.SqlScriptsTestExecutionListener@1cb346ea, org.springframework.test.context.event.EventPublishingTestExecutionListener@4c012563, org.springframework.boot.test.mock.mockito.ResetMocksTestExecutionListener@14a50707, org.springframework.boot.test.autoconfigure.restdocs.RestDocsTestExecutionListener@4d518b32, org.springframework.boot.test.autoconfigure.web.client.MockRestServiceServerResetTestExecutionListener@4bd31064, org.springframework.boot.test.autoconfigure.web.servlet.MockMvcPrintOnlyOnFailureTestExecutionListener@e3c0e40, org.springframework.boot.test.autoconfigure.web.servlet.WebDriverTestExecutionListener@329dbdbf, org.springframework.boot.test.autoconfigure.webservices.client.MockWebServiceServerTestExecutionListener@7354b8c5]
2021-03-30 00:27:31,497 INFO com.cg.hims.application.PolicyControllerTest [main] Starting PolicyControllerTest using Java 1.8.0_281 on DESKTOP-PTPOCAH with PID 15064 (started by Prathmesh in C:\Users\Prathmesh\git\HomeInsuranceSystem\Home-Insurance-Management-System)
2021-03-30 00:27:31,497 DEBUG com.cg.hims.application.PolicyControllerTest [main] Running with Spring Boot v2.4.3, Spring v5.3.4
2021-03-30 00:27:31,509 INFO com.cg.hims.application.PolicyControllerTest [main] No active profile set, falling back to default profiles: default
2021-03-30 00:27:31,569 INFO org.hibernate.validator.internal.util.Version [background-preinit] HV000001: Hibernate Validator 6.1.7.Final
2021-03-30 00:27:33,235 INFO org.springframework.data.repository.config.RepositoryConfigurationDelegate [main] Bootstrapping Spring Data JPA repositories in DEFAULT mode.
2021-03-30 00:27:33,327 INFO org.springframework.data.repository.config.RepositoryConfigurationDelegate [main] Finished Spring Data repository scanning in 82 ms. Found 3 JPA repository interfaces.
2021-03-30 00:27:35,276 INFO org.hibernate.jpa.internal.util.LogHelper [main] HHH000204: Processing PersistenceUnitInfo [name: default]
2021-03-30 00:27:35,355 INFO org.hibernate.Version [main] HHH000412: Hibernate ORM core version 5.4.28.Final
2021-03-30 00:27:35,430 INFO org.hibernate.annotations.common.Version [main] HCANN000001: Hibernate Commons Annotations {5.1.2.Final}
2021-03-30 00:27:35,827 INFO com.zaxxer.hikari.HikariDataSource [main] HikariPool-1 - Starting...
2021-03-30 00:27:36,436 INFO com.zaxxer.hikari.HikariDataSource [main] HikariPool-1 - Start completed.
2021-03-30 00:27:36,502 INFO org.hibernate.dialect.Dialect [main] HHH000400: Using dialect: org.hibernate.dialect.PostgreSQL10Dialect
2021-03-30 00:27:37,678 INFO org.hibernate.engine.transaction.jta.platform.internal.JtaPlatformInitiator [main] HHH000490: Using JtaPlatform implementation: [org.hibernate.engine.transaction.jta.platform.internal.NoJtaPlatform]
2021-03-30 00:27:37,690 INFO org.springframework.orm.jpa.LocalContainerEntityManagerFactoryBean [main] Initialized JPA EntityManagerFactory for persistence unit 'default'
2021-03-30 00:27:38,947 WARN org.springframework.boot.autoconfigure.orm.jpa.JpaBaseConfiguration$JpaWebConfiguration [main] spring.jpa.open-in-view is enabled by default. Therefore, database queries may be performed during view rendering. Explicitly configure spring.jpa.open-in-view to disable this warning
2021-03-30 00:27:39,566 INFO org.springframework.boot.actuate.endpoint.web.EndpointLinksResolver [main] Exposing 2 endpoint(s) beneath base path '/actuator'
2021-03-30 00:27:41,627 INFO com.cg.hims.application.PolicyControllerTest [main] Started PolicyControllerTest in 10.507 seconds (JVM running for 12.268)
2021-03-30 00:27:41,921 INFO org.springframework.orm.jpa.LocalContainerEntityManagerFactoryBean [SpringContextShutdownHook] Closing JPA EntityManagerFactory for persistence unit 'default'
2021-03-30 00:27:41,925 INFO com.zaxxer.hikari.HikariDataSource [SpringContextShutdownHook] HikariPool-1 - Shutdown initiated...
2021-03-30 00:27:41,945 INFO com.zaxxer.hikari.HikariDataSource [SpringContextShutdownHook] HikariPool-1 - Shutdown completed.
2021-03-30 00:33:43,047 INFO org.springframework.boot.test.context.SpringBootTestContextBootstrapper [main] Neither @ContextConfiguration nor @ContextHierarchy found for test class [com.cg.hims.application.PolicyControllerTest], using SpringBootContextLoader
2021-03-30 00:33:43,056 INFO org.springframework.test.context.support.AbstractContextLoader [main] Could not detect default resource locations for test class [com.cg.hims.application.PolicyControllerTest]: no resource found for suffixes {-context.xml, Context.groovy}.
2021-03-30 00:33:43,057 INFO org.springframework.test.context.support.AnnotationConfigContextLoaderUtils [main] Could not detect default configuration classes for test class [com.cg.hims.application.PolicyControllerTest]: PolicyControllerTest does not declare any static, non-private, non-final, nested classes annotated with @Configuration.
2021-03-30 00:33:43,227 INFO org.springframework.boot.test.context.SpringBootTestContextBootstrapper [main] Found @SpringBootConfiguration com.cg.hims.application.HomeInsuranceManagementSystemApplication for test class com.cg.hims.application.PolicyControllerTest
2021-03-30 00:33:43,356 INFO org.springframework.boot.test.context.SpringBootTestContextBootstrapper [main] Loaded default TestExecutionListener class names from location [META-INF/spring.factories]: [org.springframework.boot.test.mock.mockito.MockitoTestExecutionListener, org.springframework.boot.test.mock.mockito.ResetMocksTestExecutionListener, org.springframework.boot.test.autoconfigure.restdocs.RestDocsTestExecutionListener, org.springframework.boot.test.autoconfigure.web.client.MockRestServiceServerResetTestExecutionListener, org.springframework.boot.test.autoconfigure.web.servlet.MockMvcPrintOnlyOnFailureTestExecutionListener, org.springframework.boot.test.autoconfigure.web.servlet.WebDriverTestExecutionListener, org.springframework.boot.test.autoconfigure.webservices.client.MockWebServiceServerTestExecutionListener, org.springframework.test.context.web.ServletTestExecutionListener, org.springframework.test.context.support.DirtiesContextBeforeModesTestExecutionListener, org.springframework.test.context.event.ApplicationEventsTestExecutionListener, org.springframework.test.context.support.DependencyInjectionTestExecutionListener, org.springframework.test.context.support.DirtiesContextTestExecutionListener, org.springframework.test.context.transaction.TransactionalTestExecutionListener, org.springframework.test.context.jdbc.SqlScriptsTestExecutionListener, org.springframework.test.context.event.EventPublishingTestExecutionListener]
2021-03-30 00:33:43,384 INFO org.springframework.boot.test.context.SpringBootTestContextBootstrapper [main] Using TestExecutionListeners: [org.springframework.test.context.web.ServletTestExecutionListener@1cd629b3, org.springframework.test.context.support.DirtiesContextBeforeModesTestExecutionListener@589da3f3, org.springframework.test.context.event.ApplicationEventsTestExecutionListener@39d76cb5, org.springframework.boot.test.mock.mockito.MockitoTestExecutionListener@4a00d9cf, org.springframework.boot.test.autoconfigure.SpringBootDependencyInjectionTestExecutionListener@6736fa8d, org.springframework.test.context.support.DirtiesContextTestExecutionListener@52815fa3, org.springframework.test.context.transaction.TransactionalTestExecutionListener@50313382, org.springframework.test.context.jdbc.SqlScriptsTestExecutionListener@1cb346ea, org.springframework.test.context.event.EventPublishingTestExecutionListener@4c012563, org.springframework.boot.test.mock.mockito.ResetMocksTestExecutionListener@14a50707, org.springframework.boot.test.autoconfigure.restdocs.RestDocsTestExecutionListener@4d518b32, org.springframework.boot.test.autoconfigure.web.client.MockRestServiceServerResetTestExecutionListener@4bd31064, org.springframework.boot.test.autoconfigure.web.servlet.MockMvcPrintOnlyOnFailureTestExecutionListener@e3c0e40, org.springframework.boot.test.autoconfigure.web.servlet.WebDriverTestExecutionListener@329dbdbf, org.springframework.boot.test.autoconfigure.webservices.client.MockWebServiceServerTestExecutionListener@7354b8c5]
2021-03-30 00:33:43,822 INFO com.cg.hims.application.PolicyControllerTest [main] Starting PolicyControllerTest using Java 1.8.0_281 on DESKTOP-PTPOCAH with PID 12824 (started by Prathmesh in C:\Users\Prathmesh\git\HomeInsuranceSystem\Home-Insurance-Management-System)
2021-03-30 00:33:43,822 DEBUG com.cg.hims.application.PolicyControllerTest [main] Running with Spring Boot v2.4.3, Spring v5.3.4
2021-03-30 00:33:43,825 INFO com.cg.hims.application.PolicyControllerTest [main] No active profile set, falling back to default profiles: default
2021-03-30 00:33:43,837 INFO org.hibernate.validator.internal.util.Version [background-preinit] HV000001: Hibernate Validator 6.1.7.Final
2021-03-30 00:33:45,440 INFO org.springframework.data.repository.config.RepositoryConfigurationDelegate [main] Bootstrapping Spring Data JPA repositories in DEFAULT mode.
2021-03-30 00:33:45,532 INFO org.springframework.data.repository.config.RepositoryConfigurationDelegate [main] Finished Spring Data repository scanning in 81 ms. Found 3 JPA repository interfaces.
2021-03-30 00:33:47,585 INFO org.hibernate.jpa.internal.util.LogHelper [main] HHH000204: Processing PersistenceUnitInfo [name: default]
2021-03-30 00:33:47,693 INFO org.hibernate.Version [main] HHH000412: Hibernate ORM core version 5.4.28.Final
2021-03-30 00:33:47,756 INFO org.hibernate.annotations.common.Version [main] HCANN000001: Hibernate Commons Annotations {5.1.2.Final}
2021-03-30 00:33:48,145 INFO com.zaxxer.hikari.HikariDataSource [main] HikariPool-1 - Starting...
2021-03-30 00:33:48,793 INFO com.zaxxer.hikari.HikariDataSource [main] HikariPool-1 - Start completed.
2021-03-30 00:33:48,861 INFO org.hibernate.dialect.Dialect [main] HHH000400: Using dialect: org.hibernate.dialect.PostgreSQL10Dialect
2021-03-30 00:33:50,039 INFO org.hibernate.engine.transaction.jta.platform.internal.JtaPlatformInitiator [main] HHH000490: Using JtaPlatform implementation: [org.hibernate.engine.transaction.jta.platform.internal.NoJtaPlatform]
2021-03-30 00:33:50,055 INFO org.springframework.orm.jpa.LocalContainerEntityManagerFactoryBean [main] Initialized JPA EntityManagerFactory for persistence unit 'default'
2021-03-30 00:33:51,288 WARN org.springframework.boot.autoconfigure.orm.jpa.JpaBaseConfiguration$JpaWebConfiguration [main] spring.jpa.open-in-view is enabled by default. Therefore, database queries may be performed during view rendering. Explicitly configure spring.jpa.open-in-view to disable this warning
2021-03-30 00:33:51,889 INFO org.springframework.boot.actuate.endpoint.web.EndpointLinksResolver [main] Exposing 2 endpoint(s) beneath base path '/actuator'
2021-03-30 00:33:54,114 INFO com.cg.hims.application.PolicyControllerTest [main] Started PolicyControllerTest in 10.668 seconds (JVM running for 12.256)
2021-03-30 00:33:54,526 INFO org.springframework.orm.jpa.LocalContainerEntityManagerFactoryBean [SpringContextShutdownHook] Closing JPA EntityManagerFactory for persistence unit 'default'
2021-03-30 00:33:54,534 INFO com.zaxxer.hikari.HikariDataSource [SpringContextShutdownHook] HikariPool-1 - Shutdown initiated...
2021-03-30 00:33:54,552 INFO com.zaxxer.hikari.HikariDataSource [SpringContextShutdownHook] HikariPool-1 - Shutdown completed.
2021-03-30 00:34:14,001 INFO org.springframework.boot.test.context.SpringBootTestContextBootstrapper [main] Neither @ContextConfiguration nor @ContextHierarchy found for test class [com.cg.hims.application.PolicyControllerTest], using SpringBootContextLoader
2021-03-30 00:34:14,010 INFO org.springframework.test.context.support.AbstractContextLoader [main] Could not detect default resource locations for test class [com.cg.hims.application.PolicyControllerTest]: no resource found for suffixes {-context.xml, Context.groovy}.
2021-03-30 00:34:14,011 INFO org.springframework.test.context.support.AnnotationConfigContextLoaderUtils [main] Could not detect default configuration classes for test class [com.cg.hims.application.PolicyControllerTest]: PolicyControllerTest does not declare any static, non-private, non-final, nested classes annotated with @Configuration.
2021-03-30 00:34:14,177 INFO org.springframework.boot.test.context.SpringBootTestContextBootstrapper [main] Found @SpringBootConfiguration com.cg.hims.application.HomeInsuranceManagementSystemApplication for test class com.cg.hims.application.PolicyControllerTest
2021-03-30 00:34:14,309 INFO org.springframework.boot.test.context.SpringBootTestContextBootstrapper [main] Loaded default TestExecutionListener class names from location [META-INF/spring.factories]: [org.springframework.boot.test.mock.mockito.MockitoTestExecutionListener, org.springframework.boot.test.mock.mockito.ResetMocksTestExecutionListener, org.springframework.boot.test.autoconfigure.restdocs.RestDocsTestExecutionListener, org.springframework.boot.test.autoconfigure.web.client.MockRestServiceServerResetTestExecutionListener, org.springframework.boot.test.autoconfigure.web.servlet.MockMvcPrintOnlyOnFailureTestExecutionListener, org.springframework.boot.test.autoconfigure.web.servlet.WebDriverTestExecutionListener, org.springframework.boot.test.autoconfigure.webservices.client.MockWebServiceServerTestExecutionListener, org.springframework.test.context.web.ServletTestExecutionListener, org.springframework.test.context.support.DirtiesContextBeforeModesTestExecutionListener, org.springframework.test.context.event.ApplicationEventsTestExecutionListener, org.springframework.test.context.support.DependencyInjectionTestExecutionListener, org.springframework.test.context.support.DirtiesContextTestExecutionListener, org.springframework.test.context.transaction.TransactionalTestExecutionListener, org.springframework.test.context.jdbc.SqlScriptsTestExecutionListener, org.springframework.test.context.event.EventPublishingTestExecutionListener]
2021-03-30 00:34:14,334 INFO org.springframework.boot.test.context.SpringBootTestContextBootstrapper [main] Using TestExecutionListeners: [org.springframework.test.context.web.ServletTestExecutionListener@1cd629b3, org.springframework.test.context.support.DirtiesContextBeforeModesTestExecutionListener@589da3f3, org.springframework.test.context.event.ApplicationEventsTestExecutionListener@39d76cb5, org.springframework.boot.test.mock.mockito.MockitoTestExecutionListener@4a00d9cf, org.springframework.boot.test.autoconfigure.SpringBootDependencyInjectionTestExecutionListener@6736fa8d, org.springframework.test.context.support.DirtiesContextTestExecutionListener@52815fa3, org.springframework.test.context.transaction.TransactionalTestExecutionListener@50313382, org.springframework.test.context.jdbc.SqlScriptsTestExecutionListener@1cb346ea, org.springframework.test.context.event.EventPublishingTestExecutionListener@4c012563, org.springframework.boot.test.mock.mockito.ResetMocksTestExecutionListener@14a50707, org.springframework.boot.test.autoconfigure.restdocs.RestDocsTestExecutionListener@4d518b32, org.springframework.boot.test.autoconfigure.web.client.MockRestServiceServerResetTestExecutionListener@4bd31064, org.springframework.boot.test.autoconfigure.web.servlet.MockMvcPrintOnlyOnFailureTestExecutionListener@e3c0e40, org.springframework.boot.test.autoconfigure.web.servlet.WebDriverTestExecutionListener@329dbdbf, org.springframework.boot.test.autoconfigure.webservices.client.MockWebServiceServerTestExecutionListener@7354b8c5]
2021-03-30 00:34:14,762 INFO com.cg.hims.application.PolicyControllerTest [main] Starting PolicyControllerTest using Java 1.8.0_281 on DESKTOP-PTPOCAH with PID 13388 (started by Prathmesh in C:\Users\Prathmesh\git\HomeInsuranceSystem\Home-Insurance-Management-System)
2021-03-30 00:34:14,764 DEBUG com.cg.hims.application.PolicyControllerTest [main] Running with Spring Boot v2.4.3, Spring v5.3.4
2021-03-30 00:34:14,776 INFO com.cg.hims.application.PolicyControllerTest [main] No active profile set, falling back to default profiles: default
2021-03-30 00:34:14,789 INFO org.hibernate.validator.internal.util.Version [background-preinit] HV000001: Hibernate Validator 6.1.7.Final
2021-03-30 00:34:16,314 INFO org.springframework.data.repository.config.RepositoryConfigurationDelegate [main] Bootstrapping Spring Data JPA repositories in DEFAULT mode.
2021-03-30 00:34:16,389 INFO org.springframework.data.repository.config.RepositoryConfigurationDelegate [main] Finished Spring Data repository scanning in 66 ms. Found 3 JPA repository interfaces.
2021-03-30 00:34:18,445 INFO org.hibernate.jpa.internal.util.LogHelper [main] HHH000204: Processing PersistenceUnitInfo [name: default]
2021-03-30 00:34:18,544 INFO org.hibernate.Version [main] HHH000412: Hibernate ORM core version 5.4.28.Final
2021-03-30 00:34:18,615 INFO org.hibernate.annotations.common.Version [main] HCANN000001: Hibernate Commons Annotations {5.1.2.Final}
2021-03-30 00:34:19,042 INFO com.zaxxer.hikari.HikariDataSource [main] HikariPool-1 - Starting...
2021-03-30 00:34:19,648 INFO com.zaxxer.hikari.HikariDataSource [main] HikariPool-1 - Start completed.
2021-03-30 00:34:19,708 INFO org.hibernate.dialect.Dialect [main] HHH000400: Using dialect: org.hibernate.dialect.PostgreSQL10Dialect
2021-03-30 00:34:20,888 INFO org.hibernate.engine.transaction.jta.platform.internal.JtaPlatformInitiator [main] HHH000490: Using JtaPlatform implementation: [org.hibernate.engine.transaction.jta.platform.internal.NoJtaPlatform]
2021-03-30 00:34:20,900 INFO org.springframework.orm.jpa.LocalContainerEntityManagerFactoryBean [main] Initialized JPA EntityManagerFactory for persistence unit 'default'
2021-03-30 00:34:22,067 WARN org.springframework.boot.autoconfigure.orm.jpa.JpaBaseConfiguration$JpaWebConfiguration [main] spring.jpa.open-in-view is enabled by default. Therefore, database queries may be performed during view rendering. Explicitly configure spring.jpa.open-in-view to disable this warning
2021-03-30 00:34:22,710 INFO org.springframework.boot.actuate.endpoint.web.EndpointLinksResolver [main] Exposing 2 endpoint(s) beneath base path '/actuator'
2021-03-30 00:34:24,745 INFO com.cg.hims.application.PolicyControllerTest [main] Started PolicyControllerTest in 10.35 seconds (JVM running for 11.869)
2021-03-30 00:34:25,065 INFO org.springframework.orm.jpa.LocalContainerEntityManagerFactoryBean [SpringContextShutdownHook] Closing JPA EntityManagerFactory for persistence unit 'default'
2021-03-30 00:34:25,074 INFO com.zaxxer.hikari.HikariDataSource [SpringContextShutdownHook] HikariPool-1 - Shutdown initiated...
2021-03-30 00:34:25,097 INFO com.zaxxer.hikari.HikariDataSource [SpringContextShutdownHook] HikariPool-1 - Shutdown completed.
2021-03-30 00:35:27,839 INFO org.springframework.boot.test.context.SpringBootTestContextBootstrapper [main] Neither @ContextConfiguration nor @ContextHierarchy found for test class [com.cg.hims.application.PolicyControllerTest], using SpringBootContextLoader
2021-03-30 00:35:27,846 INFO org.springframework.test.context.support.AbstractContextLoader [main] Could not detect default resource locations for test class [com.cg.hims.application.PolicyControllerTest]: no resource found for suffixes {-context.xml, Context.groovy}.
2021-03-30 00:35:27,847 INFO org.springframework.test.context.support.AnnotationConfigContextLoaderUtils [main] Could not detect default configuration classes for test class [com.cg.hims.application.PolicyControllerTest]: PolicyControllerTest does not declare any static, non-private, non-final, nested classes annotated with @Configuration.
2021-03-30 00:35:28,019 INFO org.springframework.boot.test.context.SpringBootTestContextBootstrapper [main] Found @SpringBootConfiguration com.cg.hims.application.HomeInsuranceManagementSystemApplication for test class com.cg.hims.application.PolicyControllerTest
2021-03-30 00:35:28,154 INFO org.springframework.boot.test.context.SpringBootTestContextBootstrapper [main] Loaded default TestExecutionListener class names from location [META-INF/spring.factories]: [org.springframework.boot.test.mock.mockito.MockitoTestExecutionListener, org.springframework.boot.test.mock.mockito.ResetMocksTestExecutionListener, org.springframework.boot.test.autoconfigure.restdocs.RestDocsTestExecutionListener, org.springframework.boot.test.autoconfigure.web.client.MockRestServiceServerResetTestExecutionListener, org.springframework.boot.test.autoconfigure.web.servlet.MockMvcPrintOnlyOnFailureTestExecutionListener, org.springframework.boot.test.autoconfigure.web.servlet.WebDriverTestExecutionListener, org.springframework.boot.test.autoconfigure.webservices.client.MockWebServiceServerTestExecutionListener, org.springframework.test.context.web.ServletTestExecutionListener, org.springframework.test.context.support.DirtiesContextBeforeModesTestExecutionListener, org.springframework.test.context.event.ApplicationEventsTestExecutionListener, org.springframework.test.context.support.DependencyInjectionTestExecutionListener, org.springframework.test.context.support.DirtiesContextTestExecutionListener, org.springframework.test.context.transaction.TransactionalTestExecutionListener, org.springframework.test.context.jdbc.SqlScriptsTestExecutionListener, org.springframework.test.context.event.EventPublishingTestExecutionListener]
2021-03-30 00:35:28,183 INFO org.springframework.boot.test.context.SpringBootTestContextBootstrapper [main] Using TestExecutionListeners: [org.springframework.test.context.web.ServletTestExecutionListener@52815fa3, org.springframework.test.context.support.DirtiesContextBeforeModesTestExecutionListener@50313382, org.springframework.test.context.event.ApplicationEventsTestExecutionListener@1cb346ea, org.springframework.boot.test.mock.mockito.MockitoTestExecutionListener@4c012563, org.springframework.boot.test.autoconfigure.SpringBootDependencyInjectionTestExecutionListener@14a50707, org.springframework.test.context.support.DirtiesContextTestExecutionListener@4d518b32, org.springframework.test.context.transaction.TransactionalTestExecutionListener@4bd31064, org.springframework.test.context.jdbc.SqlScriptsTestExecutionListener@e3c0e40, org.springframework.test.context.event.EventPublishingTestExecutionListener@329dbdbf, org.springframework.boot.test.mock.mockito.ResetMocksTestExecutionListener@7354b8c5, org.springframework.boot.test.autoconfigure.restdocs.RestDocsTestExecutionListener@20d7d6fb, org.springframework.boot.test.autoconfigure.web.client.MockRestServiceServerResetTestExecutionListener@4ef782af, org.springframework.boot.test.autoconfigure.web.servlet.MockMvcPrintOnlyOnFailureTestExecutionListener@11d8ae8b, org.springframework.boot.test.autoconfigure.web.servlet.WebDriverTestExecutionListener@479cbee5, org.springframework.boot.test.autoconfigure.webservices.client.MockWebServiceServerTestExecutionListener@59e2d8e3]
2021-03-30 00:35:28,629 INFO com.cg.hims.application.PolicyControllerTest [main] Starting PolicyControllerTest using Java 1.8.0_281 on DESKTOP-PTPOCAH with PID 11696 (started by Prathmesh in C:\Users\Prathmesh\git\HomeInsuranceSystem\Home-Insurance-Management-System)
2021-03-30 00:35:28,630 DEBUG com.cg.hims.application.PolicyControllerTest [main] Running with Spring Boot v2.4.3, Spring v5.3.4
2021-03-30 00:35:28,632 INFO com.cg.hims.application.PolicyControllerTest [main] No active profile set, falling back to default profiles: default
2021-03-30 00:35:28,709 INFO org.hibernate.validator.internal.util.Version [background-preinit] HV000001: Hibernate Validator 6.1.7.Final
2021-03-30 00:35:30,298 INFO org.springframework.data.repository.config.RepositoryConfigurationDelegate [main] Bootstrapping Spring Data JPA repositories in DEFAULT mode.
2021-03-30 00:35:30,389 INFO org.springframework.data.repository.config.RepositoryConfigurationDelegate [main] Finished Spring Data repository scanning in 80 ms. Found 3 JPA repository interfaces.
2021-03-30 00:35:32,433 INFO org.hibernate.jpa.internal.util.LogHelper [main] HHH000204: Processing PersistenceUnitInfo [name: default]
2021-03-30 00:35:32,529 INFO org.hibernate.Version [main] HHH000412: Hibernate ORM core version 5.4.28.Final
2021-03-30 00:35:32,582 INFO org.hibernate.annotations.common.Version [main] HCANN000001: Hibernate Commons Annotations {5.1.2.Final}
2021-03-30 00:35:32,968 INFO com.zaxxer.hikari.HikariDataSource [main] HikariPool-1 - Starting...
2021-03-30 00:35:33,581 INFO com.zaxxer.hikari.HikariDataSource [main] HikariPool-1 - Start completed.
2021-03-30 00:35:33,643 INFO org.hibernate.dialect.Dialect [main] HHH000400: Using dialect: org.hibernate.dialect.PostgreSQL10Dialect
2021-03-30 00:35:34,884 INFO org.hibernate.engine.transaction.jta.platform.internal.JtaPlatformInitiator [main] HHH000490: Using JtaPlatform implementation: [org.hibernate.engine.transaction.jta.platform.internal.NoJtaPlatform]
2021-03-30 00:35:34,899 INFO org.springframework.orm.jpa.LocalContainerEntityManagerFactoryBean [main] Initialized JPA EntityManagerFactory for persistence unit 'default'
2021-03-30 00:35:36,206 WARN org.springframework.boot.autoconfigure.orm.jpa.JpaBaseConfiguration$JpaWebConfiguration [main] spring.jpa.open-in-view is enabled by default. Therefore, database queries may be performed during view rendering. Explicitly configure spring.jpa.open-in-view to disable this warning
2021-03-30 00:35:36,855 INFO org.springframework.boot.actuate.endpoint.web.EndpointLinksResolver [main] Exposing 2 endpoint(s) beneath base path '/actuator'
2021-03-30 00:35:38,898 INFO com.cg.hims.application.PolicyControllerTest [main] Started PolicyControllerTest in 10.649 seconds (JVM running for 12.196)
2021-03-30 00:35:39,325 INFO org.springframework.orm.jpa.LocalContainerEntityManagerFactoryBean [SpringContextShutdownHook] Closing JPA EntityManagerFactory for persistence unit 'default'
2021-03-30 00:35:39,330 INFO com.zaxxer.hikari.HikariDataSource [SpringContextShutdownHook] HikariPool-1 - Shutdown initiated...
2021-03-30 00:35:39,346 INFO com.zaxxer.hikari.HikariDataSource [SpringContextShutdownHook] HikariPool-1 - Shutdown completed.
