2021-03-29 11:01:52,720 INFO com.cg.hims.application.HomeInsuranceManagementSystemApplication [restartedMain] Starting HomeInsuranceManagementSystemApplication using Java 1.8.0_281 on DESKTOP-PTPOCAH with PID 11524 (C:\Users\Prathmesh\git\HomeInsuranceSystem\Home-Insurance-Management-System\target\classes started by Prathmesh in C:\Users\Prathmesh\git\HomeInsuranceSystem\Home-Insurance-Management-System)
2021-03-29 11:01:52,753 DEBUG com.cg.hims.application.HomeInsuranceManagementSystemApplication [restartedMain] Running with Spring Boot v2.4.3, Spring v5.3.4
2021-03-29 11:01:52,754 INFO com.cg.hims.application.HomeInsuranceManagementSystemApplication [restartedMain] No active profile set, falling back to default profiles: default
2021-03-29 11:01:53,042 INFO org.springframework.boot.devtools.env.DevToolsPropertyDefaultsPostProcessor [restartedMain] Devtools property defaults active! Set 'spring.devtools.add-properties' to 'false' to disable
2021-03-29 11:01:53,043 INFO org.springframework.boot.devtools.env.DevToolsPropertyDefaultsPostProcessor [restartedMain] For additional web related logging consider setting the 'logging.level.web' property to 'DEBUG'
2021-03-29 11:01:54,769 INFO org.springframework.data.repository.config.RepositoryConfigurationDelegate [restartedMain] Bootstrapping Spring Data JPA repositories in DEFAULT mode.
2021-03-29 11:01:54,884 INFO org.springframework.data.repository.config.RepositoryConfigurationDelegate [restartedMain] Finished Spring Data repository scanning in 99 ms. Found 3 JPA repository interfaces.
2021-03-29 11:01:57,022 INFO org.springframework.boot.web.embedded.tomcat.TomcatWebServer [restartedMain] Tomcat initialized with port(s): 8085 (http)
2021-03-29 11:01:57,067 INFO org.apache.coyote.http11.Http11NioProtocol [restartedMain] Initializing ProtocolHandler ["http-nio-8085"]
2021-03-29 11:01:57,068 INFO org.apache.catalina.core.StandardService [restartedMain] Starting service [Tomcat]
2021-03-29 11:01:57,068 INFO org.apache.catalina.core.StandardEngine [restartedMain] Starting Servlet engine: [Apache Tomcat/9.0.43]
2021-03-29 11:01:57,333 INFO org.apache.catalina.core.ContainerBase.[Tomcat].[localhost].[/springfox] [restartedMain] Initializing Spring embedded WebApplicationContext
2021-03-29 11:01:57,333 INFO org.springframework.boot.web.servlet.context.ServletWebServerApplicationContext [restartedMain] Root WebApplicationContext: initialization completed in 4289 ms
2021-03-29 11:01:58,167 INFO org.hibernate.jpa.internal.util.LogHelper [restartedMain] HHH000204: Processing PersistenceUnitInfo [name: default]
2021-03-29 11:01:58,245 INFO org.hibernate.Version [restartedMain] HHH000412: Hibernate ORM core version 5.4.28.Final
2021-03-29 11:01:58,445 INFO org.hibernate.annotations.common.Version [restartedMain] HCANN000001: Hibernate Commons Annotations {5.1.2.Final}
2021-03-29 11:01:58,569 INFO com.zaxxer.hikari.HikariDataSource [restartedMain] HikariPool-1 - Starting...
2021-03-29 11:01:59,909 INFO com.zaxxer.hikari.HikariDataSource [restartedMain] HikariPool-1 - Start completed.
2021-03-29 11:02:00,081 INFO org.hibernate.dialect.Dialect [restartedMain] HHH000400: Using dialect: org.hibernate.dialect.PostgreSQL10Dialect
2021-03-29 11:02:02,029 INFO org.hibernate.engine.transaction.jta.platform.internal.JtaPlatformInitiator [restartedMain] HHH000490: Using JtaPlatform implementation: [org.hibernate.engine.transaction.jta.platform.internal.NoJtaPlatform]
2021-03-29 11:02:02,042 INFO org.springframework.orm.jpa.LocalContainerEntityManagerFactoryBean [restartedMain] Initialized JPA EntityManagerFactory for persistence unit 'default'
2021-03-29 11:02:02,082 INFO org.springframework.boot.devtools.autoconfigure.OptionalLiveReloadServer [restartedMain] LiveReload server is running on port 35729
2021-03-29 11:02:04,214 WARN org.springframework.boot.autoconfigure.orm.jpa.JpaBaseConfiguration$JpaWebConfiguration [restartedMain] spring.jpa.open-in-view is enabled by default. Therefore, database queries may be performed during view rendering. Explicitly configure spring.jpa.open-in-view to disable this warning
2021-03-29 11:02:04,805 INFO org.springframework.boot.actuate.endpoint.web.EndpointLinksResolver [restartedMain] Exposing 2 endpoint(s) beneath base path '/actuator'
2021-03-29 11:02:06,706 INFO org.apache.coyote.http11.Http11NioProtocol [restartedMain] Starting ProtocolHandler ["http-nio-8085"]
2021-03-29 11:02:06,883 INFO org.springframework.boot.web.embedded.tomcat.TomcatWebServer [restartedMain] Tomcat started on port(s): 8085 (http) with context path '/springfox'
2021-03-29 11:02:07,763 INFO com.cg.hims.application.HomeInsuranceManagementSystemApplication [restartedMain] Started HomeInsuranceManagementSystemApplication in 15.664 seconds (JVM running for 16.523)
2021-03-29 11:02:14,250 INFO org.apache.catalina.core.ContainerBase.[Tomcat].[localhost].[/springfox] [http-nio-8085-exec-1] Initializing Spring DispatcherServlet 'dispatcherServlet'
2021-03-29 11:02:14,251 INFO org.springframework.web.servlet.DispatcherServlet [http-nio-8085-exec-1] Initializing Servlet 'dispatcherServlet'
2021-03-29 11:02:14,254 INFO org.springframework.web.servlet.DispatcherServlet [http-nio-8085-exec-1] Completed initialization in 3 ms
2021-03-29 11:06:27,027 INFO org.springframework.orm.jpa.LocalContainerEntityManagerFactoryBean [Thread-6] Closing JPA EntityManagerFactory for persistence unit 'default'
2021-03-29 11:06:27,034 INFO com.zaxxer.hikari.HikariDataSource [Thread-6] HikariPool-1 - Shutdown initiated...
2021-03-29 11:06:27,048 INFO com.zaxxer.hikari.HikariDataSource [Thread-6] HikariPool-1 - Shutdown completed.
2021-03-29 11:06:27,377 INFO com.cg.hims.application.HomeInsuranceManagementSystemApplication [restartedMain] Starting HomeInsuranceManagementSystemApplication using Java 1.8.0_281 on DESKTOP-PTPOCAH with PID 11524 (C:\Users\Prathmesh\git\HomeInsuranceSystem\Home-Insurance-Management-System\target\classes started by Prathmesh in C:\Users\Prathmesh\git\HomeInsuranceSystem\Home-Insurance-Management-System)
2021-03-29 11:06:27,377 DEBUG com.cg.hims.application.HomeInsuranceManagementSystemApplication [restartedMain] Running with Spring Boot v2.4.3, Spring v5.3.4
2021-03-29 11:06:27,378 INFO com.cg.hims.application.HomeInsuranceManagementSystemApplication [restartedMain] No active profile set, falling back to default profiles: default
2021-03-29 11:06:28,180 INFO org.springframework.data.repository.config.RepositoryConfigurationDelegate [restartedMain] Bootstrapping Spring Data JPA repositories in DEFAULT mode.
2021-03-29 11:06:28,211 INFO org.springframework.data.repository.config.RepositoryConfigurationDelegate [restartedMain] Finished Spring Data repository scanning in 28 ms. Found 3 JPA repository interfaces.
2021-03-29 11:06:28,669 INFO org.springframework.boot.web.embedded.tomcat.TomcatWebServer [restartedMain] Tomcat initialized with port(s): 8085 (http)
2021-03-29 11:06:28,669 INFO org.apache.coyote.http11.Http11NioProtocol [restartedMain] Initializing ProtocolHandler ["http-nio-8085"]
2021-03-29 11:06:28,670 INFO org.apache.catalina.core.StandardService [restartedMain] Starting service [Tomcat]
2021-03-29 11:06:28,670 INFO org.apache.catalina.core.StandardEngine [restartedMain] Starting Servlet engine: [Apache Tomcat/9.0.43]
2021-03-29 11:06:28,703 INFO org.apache.catalina.core.ContainerBase.[Tomcat].[localhost].[/springfox] [restartedMain] Initializing Spring embedded WebApplicationContext
2021-03-29 11:06:28,703 INFO org.springframework.boot.web.servlet.context.ServletWebServerApplicationContext [restartedMain] Root WebApplicationContext: initialization completed in 1321 ms
2021-03-29 11:06:28,848 INFO org.hibernate.jpa.internal.util.LogHelper [restartedMain] HHH000204: Processing PersistenceUnitInfo [name: default]
2021-03-29 11:06:28,855 INFO com.zaxxer.hikari.HikariDataSource [restartedMain] HikariPool-2 - Starting...
2021-03-29 11:06:28,933 INFO com.zaxxer.hikari.HikariDataSource [restartedMain] HikariPool-2 - Start completed.
2021-03-29 11:06:28,934 INFO org.hibernate.dialect.Dialect [restartedMain] HHH000400: Using dialect: org.hibernate.dialect.PostgreSQL10Dialect
2021-03-29 11:06:29,592 INFO org.hibernate.engine.transaction.jta.platform.internal.JtaPlatformInitiator [restartedMain] HHH000490: Using JtaPlatform implementation: [org.hibernate.engine.transaction.jta.platform.internal.NoJtaPlatform]
2021-03-29 11:06:29,592 INFO org.springframework.orm.jpa.LocalContainerEntityManagerFactoryBean [restartedMain] Initialized JPA EntityManagerFactory for persistence unit 'default'
2021-03-29 11:06:29,599 INFO org.springframework.boot.devtools.autoconfigure.OptionalLiveReloadServer [restartedMain] LiveReload server is running on port 35729
2021-03-29 11:06:29,958 WARN org.springframework.boot.autoconfigure.orm.jpa.JpaBaseConfiguration$JpaWebConfiguration [restartedMain] spring.jpa.open-in-view is enabled by default. Therefore, database queries may be performed during view rendering. Explicitly configure spring.jpa.open-in-view to disable this warning
2021-03-29 11:06:30,047 INFO org.springframework.boot.actuate.endpoint.web.EndpointLinksResolver [restartedMain] Exposing 2 endpoint(s) beneath base path '/actuator'
2021-03-29 11:06:30,233 INFO org.apache.coyote.http11.Http11NioProtocol [restartedMain] Starting ProtocolHandler ["http-nio-8085"]
2021-03-29 11:06:30,237 INFO org.springframework.boot.web.embedded.tomcat.TomcatWebServer [restartedMain] Tomcat started on port(s): 8085 (http) with context path '/springfox'
2021-03-29 11:06:30,424 INFO com.cg.hims.application.HomeInsuranceManagementSystemApplication [restartedMain] Started HomeInsuranceManagementSystemApplication in 3.125 seconds (JVM running for 279.183)
2021-03-29 11:06:30,429 INFO org.springframework.boot.devtools.autoconfigure.ConditionEvaluationDeltaLoggingListener [restartedMain] Condition evaluation unchanged
2021-03-29 11:06:49,799 INFO org.apache.catalina.core.ContainerBase.[Tomcat].[localhost].[/springfox] [http-nio-8085-exec-1] Initializing Spring DispatcherServlet 'dispatcherServlet'
2021-03-29 11:06:49,800 INFO org.springframework.web.servlet.DispatcherServlet [http-nio-8085-exec-1] Initializing Servlet 'dispatcherServlet'
2021-03-29 11:06:49,802 INFO org.springframework.web.servlet.DispatcherServlet [http-nio-8085-exec-1] Completed initialization in 2 ms
2021-03-29 11:18:22,298 INFO org.springframework.boot.test.context.SpringBootTestContextBootstrapper [main] Neither @ContextConfiguration nor @ContextHierarchy found for test class [com.cg.hims.application.PolicyControllerTest], using SpringBootContextLoader
2021-03-29 11:18:22,308 INFO org.springframework.test.context.support.AbstractContextLoader [main] Could not detect default resource locations for test class [com.cg.hims.application.PolicyControllerTest]: no resource found for suffixes {-context.xml, Context.groovy}.
2021-03-29 11:18:22,309 INFO org.springframework.test.context.support.AnnotationConfigContextLoaderUtils [main] Could not detect default configuration classes for test class [com.cg.hims.application.PolicyControllerTest]: PolicyControllerTest does not declare any static, non-private, non-final, nested classes annotated with @Configuration.
2021-03-29 11:18:22,509 INFO org.springframework.boot.test.context.SpringBootTestContextBootstrapper [main] Found @SpringBootConfiguration com.cg.hims.application.HomeInsuranceManagementSystemApplication for test class com.cg.hims.application.PolicyControllerTest
2021-03-29 11:18:22,669 INFO org.springframework.boot.test.context.SpringBootTestContextBootstrapper [main] Loaded default TestExecutionListener class names from location [META-INF/spring.factories]: [org.springframework.boot.test.mock.mockito.MockitoTestExecutionListener, org.springframework.boot.test.mock.mockito.ResetMocksTestExecutionListener, org.springframework.boot.test.autoconfigure.restdocs.RestDocsTestExecutionListener, org.springframework.boot.test.autoconfigure.web.client.MockRestServiceServerResetTestExecutionListener, org.springframework.boot.test.autoconfigure.web.servlet.MockMvcPrintOnlyOnFailureTestExecutionListener, org.springframework.boot.test.autoconfigure.web.servlet.WebDriverTestExecutionListener, org.springframework.boot.test.autoconfigure.webservices.client.MockWebServiceServerTestExecutionListener, org.springframework.test.context.web.ServletTestExecutionListener, org.springframework.test.context.support.DirtiesContextBeforeModesTestExecutionListener, org.springframework.test.context.event.ApplicationEventsTestExecutionListener, org.springframework.test.context.support.DependencyInjectionTestExecutionListener, org.springframework.test.context.support.DirtiesContextTestExecutionListener, org.springframework.test.context.transaction.TransactionalTestExecutionListener, org.springframework.test.context.jdbc.SqlScriptsTestExecutionListener, org.springframework.test.context.event.EventPublishingTestExecutionListener]
2021-03-29 11:18:22,703 INFO org.springframework.boot.test.context.SpringBootTestContextBootstrapper [main] Using TestExecutionListeners: [org.springframework.test.context.web.ServletTestExecutionListener@6692b6c6, org.springframework.test.context.support.DirtiesContextBeforeModesTestExecutionListener@1cd629b3, org.springframework.test.context.event.ApplicationEventsTestExecutionListener@589da3f3, org.springframework.boot.test.mock.mockito.MockitoTestExecutionListener@39d76cb5, org.springframework.boot.test.autoconfigure.SpringBootDependencyInjectionTestExecutionListener@4a00d9cf, org.springframework.test.context.support.DirtiesContextTestExecutionListener@6736fa8d, org.springframework.test.context.transaction.TransactionalTestExecutionListener@52815fa3, org.springframework.test.context.jdbc.SqlScriptsTestExecutionListener@50313382, org.springframework.test.context.event.EventPublishingTestExecutionListener@1cb346ea, org.springframework.boot.test.mock.mockito.ResetMocksTestExecutionListener@4c012563, org.springframework.boot.test.autoconfigure.restdocs.RestDocsTestExecutionListener@14a50707, org.springframework.boot.test.autoconfigure.web.client.MockRestServiceServerResetTestExecutionListener@4d518b32, org.springframework.boot.test.autoconfigure.web.servlet.MockMvcPrintOnlyOnFailureTestExecutionListener@4bd31064, org.springframework.boot.test.autoconfigure.web.servlet.WebDriverTestExecutionListener@e3c0e40, org.springframework.boot.test.autoconfigure.webservices.client.MockWebServiceServerTestExecutionListener@329dbdbf]
2021-03-29 11:18:23,239 INFO com.cg.hims.application.PolicyControllerTest [main] Starting PolicyControllerTest using Java 1.8.0_281 on DESKTOP-PTPOCAH with PID 14076 (started by Prathmesh in C:\Users\Prathmesh\git\HomeInsuranceSystem\Home-Insurance-Management-System)
2021-03-29 11:18:23,240 DEBUG com.cg.hims.application.PolicyControllerTest [main] Running with Spring Boot v2.4.3, Spring v5.3.4
2021-03-29 11:18:23,245 INFO com.cg.hims.application.PolicyControllerTest [main] No active profile set, falling back to default profiles: default
2021-03-29 11:18:24,893 INFO org.springframework.data.repository.config.RepositoryConfigurationDelegate [main] Bootstrapping Spring Data JPA repositories in DEFAULT mode.
2021-03-29 11:18:25,022 INFO org.springframework.data.repository.config.RepositoryConfigurationDelegate [main] Finished Spring Data repository scanning in 116 ms. Found 3 JPA repository interfaces.
2021-03-29 11:18:27,364 INFO org.hibernate.jpa.internal.util.LogHelper [main] HHH000204: Processing PersistenceUnitInfo [name: default]
2021-03-29 11:18:27,462 INFO org.hibernate.Version [main] HHH000412: Hibernate ORM core version 5.4.28.Final
2021-03-29 11:18:27,532 INFO org.hibernate.annotations.common.Version [main] HCANN000001: Hibernate Commons Annotations {5.1.2.Final}
2021-03-29 11:18:28,033 INFO com.zaxxer.hikari.HikariDataSource [main] HikariPool-1 - Starting...
2021-03-29 11:18:28,730 INFO com.zaxxer.hikari.HikariDataSource [main] HikariPool-1 - Start completed.
2021-03-29 11:18:28,833 INFO org.hibernate.dialect.Dialect [main] HHH000400: Using dialect: org.hibernate.dialect.PostgreSQL10Dialect
2021-03-29 11:18:30,112 INFO org.hibernate.engine.transaction.jta.platform.internal.JtaPlatformInitiator [main] HHH000490: Using JtaPlatform implementation: [org.hibernate.engine.transaction.jta.platform.internal.NoJtaPlatform]
2021-03-29 11:18:30,127 INFO org.springframework.orm.jpa.LocalContainerEntityManagerFactoryBean [main] Initialized JPA EntityManagerFactory for persistence unit 'default'
2021-03-29 11:18:31,476 WARN org.springframework.boot.autoconfigure.orm.jpa.JpaBaseConfiguration$JpaWebConfiguration [main] spring.jpa.open-in-view is enabled by default. Therefore, database queries may be performed during view rendering. Explicitly configure spring.jpa.open-in-view to disable this warning
2021-03-29 11:18:32,433 INFO org.springframework.boot.actuate.endpoint.web.EndpointLinksResolver [main] Exposing 2 endpoint(s) beneath base path '/actuator'
2021-03-29 11:18:35,482 INFO com.cg.hims.application.PolicyControllerTest [main] Started PolicyControllerTest in 12.683 seconds (JVM running for 14.814)
2021-03-29 11:18:36,473 INFO org.springframework.orm.jpa.LocalContainerEntityManagerFactoryBean [SpringContextShutdownHook] Closing JPA EntityManagerFactory for persistence unit 'default'
2021-03-29 11:18:36,478 INFO com.zaxxer.hikari.HikariDataSource [SpringContextShutdownHook] HikariPool-1 - Shutdown initiated...
2021-03-29 11:18:36,505 INFO com.zaxxer.hikari.HikariDataSource [SpringContextShutdownHook] HikariPool-1 - Shutdown completed.
2021-03-29 11:20:00,373 INFO com.cg.hims.application.HomeInsuranceManagementSystemApplication [restartedMain] Starting HomeInsuranceManagementSystemApplication using Java 1.8.0_281 on DESKTOP-PTPOCAH with PID 13504 (C:\Users\Prathmesh\git\HomeInsuranceSystem\Home-Insurance-Management-System\target\classes started by Prathmesh in C:\Users\Prathmesh\git\HomeInsuranceSystem\Home-Insurance-Management-System)
2021-03-29 11:20:00,375 DEBUG com.cg.hims.application.HomeInsuranceManagementSystemApplication [restartedMain] Running with Spring Boot v2.4.3, Spring v5.3.4
2021-03-29 11:20:00,375 INFO com.cg.hims.application.HomeInsuranceManagementSystemApplication [restartedMain] No active profile set, falling back to default profiles: default
2021-03-29 11:20:00,483 INFO org.springframework.boot.devtools.env.DevToolsPropertyDefaultsPostProcessor [restartedMain] Devtools property defaults active! Set 'spring.devtools.add-properties' to 'false' to disable
2021-03-29 11:20:00,484 INFO org.springframework.boot.devtools.env.DevToolsPropertyDefaultsPostProcessor [restartedMain] For additional web related logging consider setting the 'logging.level.web' property to 'DEBUG'
2021-03-29 11:20:02,246 INFO org.springframework.data.repository.config.RepositoryConfigurationDelegate [restartedMain] Bootstrapping Spring Data JPA repositories in DEFAULT mode.
2021-03-29 11:20:02,364 INFO org.springframework.data.repository.config.RepositoryConfigurationDelegate [restartedMain] Finished Spring Data repository scanning in 95 ms. Found 3 JPA repository interfaces.
2021-03-29 11:20:04,407 INFO org.springframework.boot.web.embedded.tomcat.TomcatWebServer [restartedMain] Tomcat initialized with port(s): 8085 (http)
2021-03-29 11:20:04,424 INFO org.apache.coyote.http11.Http11NioProtocol [restartedMain] Initializing ProtocolHandler ["http-nio-8085"]
2021-03-29 11:20:04,425 INFO org.apache.catalina.core.StandardService [restartedMain] Starting service [Tomcat]
2021-03-29 11:20:04,425 INFO org.apache.catalina.core.StandardEngine [restartedMain] Starting Servlet engine: [Apache Tomcat/9.0.43]
2021-03-29 11:20:04,591 INFO org.apache.catalina.core.ContainerBase.[Tomcat].[localhost].[/springfox] [restartedMain] Initializing Spring embedded WebApplicationContext
2021-03-29 11:20:04,591 INFO org.springframework.boot.web.servlet.context.ServletWebServerApplicationContext [restartedMain] Root WebApplicationContext: initialization completed in 4106 ms
2021-03-29 11:20:05,348 INFO org.hibernate.jpa.internal.util.LogHelper [restartedMain] HHH000204: Processing PersistenceUnitInfo [name: default]
2021-03-29 11:20:05,458 INFO org.hibernate.Version [restartedMain] HHH000412: Hibernate ORM core version 5.4.28.Final
2021-03-29 11:20:05,705 INFO org.hibernate.annotations.common.Version [restartedMain] HCANN000001: Hibernate Commons Annotations {5.1.2.Final}
2021-03-29 11:20:05,896 INFO com.zaxxer.hikari.HikariDataSource [restartedMain] HikariPool-1 - Starting...
2021-03-29 11:20:06,882 INFO com.zaxxer.hikari.HikariDataSource [restartedMain] HikariPool-1 - Start completed.
2021-03-29 11:20:06,955 INFO org.hibernate.dialect.Dialect [restartedMain] HHH000400: Using dialect: org.hibernate.dialect.PostgreSQL10Dialect
2021-03-29 11:20:08,709 INFO org.hibernate.engine.transaction.jta.platform.internal.JtaPlatformInitiator [restartedMain] HHH000490: Using JtaPlatform implementation: [org.hibernate.engine.transaction.jta.platform.internal.NoJtaPlatform]
2021-03-29 11:20:08,725 INFO org.springframework.orm.jpa.LocalContainerEntityManagerFactoryBean [restartedMain] Initialized JPA EntityManagerFactory for persistence unit 'default'
2021-03-29 11:20:08,750 INFO org.springframework.boot.devtools.autoconfigure.OptionalLiveReloadServer [restartedMain] LiveReload server is running on port 35729
2021-03-29 11:20:09,919 WARN org.springframework.boot.autoconfigure.orm.jpa.JpaBaseConfiguration$JpaWebConfiguration [restartedMain] spring.jpa.open-in-view is enabled by default. Therefore, database queries may be performed during view rendering. Explicitly configure spring.jpa.open-in-view to disable this warning
2021-03-29 11:20:10,837 INFO org.springframework.boot.actuate.endpoint.web.EndpointLinksResolver [restartedMain] Exposing 2 endpoint(s) beneath base path '/actuator'
2021-03-29 11:20:11,601 INFO org.apache.coyote.http11.Http11NioProtocol [restartedMain] Starting ProtocolHandler ["http-nio-8085"]
2021-03-29 11:20:11,634 INFO org.springframework.boot.web.embedded.tomcat.TomcatWebServer [restartedMain] Tomcat started on port(s): 8085 (http) with context path '/springfox'
2021-03-29 11:20:11,908 INFO org.apache.catalina.core.ContainerBase.[Tomcat].[localhost].[/springfox] [http-nio-8085-exec-1] Initializing Spring DispatcherServlet 'dispatcherServlet'
2021-03-29 11:20:11,909 INFO org.springframework.web.servlet.DispatcherServlet [http-nio-8085-exec-1] Initializing Servlet 'dispatcherServlet'
2021-03-29 11:20:11,929 INFO org.springframework.web.servlet.DispatcherServlet [http-nio-8085-exec-1] Completed initialization in 20 ms
2021-03-29 11:20:12,698 INFO com.cg.hims.application.HomeInsuranceManagementSystemApplication [restartedMain] Started HomeInsuranceManagementSystemApplication in 12.927 seconds (JVM running for 13.887)
