2021-03-22 23:39:01,365 INFO com.cg.hims.application.HomeInsuranceManagementSystemApplication [restartedMain] Starting HomeInsuranceManagementSystemApplication using Java 1.8.0_281 on DESKTOP-PTPOCAH with PID 6272 (C:\Users\Prathmesh\git\HomeInsuranceSystem\Home-Insurance-Management-System\target\classes started by Prathmesh in C:\Users\Prathmesh\git\HomeInsuranceSystem\Home-Insurance-Management-System)
2021-03-22 23:39:01,375 DEBUG com.cg.hims.application.HomeInsuranceManagementSystemApplication [restartedMain] Running with Spring Boot v2.4.3, Spring v5.3.4
2021-03-22 23:39:01,376 INFO com.cg.hims.application.HomeInsuranceManagementSystemApplication [restartedMain] No active profile set, falling back to default profiles: default
2021-03-22 23:39:01,487 INFO org.springframework.boot.devtools.env.DevToolsPropertyDefaultsPostProcessor [restartedMain] Devtools property defaults active! Set 'spring.devtools.add-properties' to 'false' to disable
2021-03-22 23:39:01,487 INFO org.springframework.boot.devtools.env.DevToolsPropertyDefaultsPostProcessor [restartedMain] For additional web related logging consider setting the 'logging.level.web' property to 'DEBUG'
2021-03-22 23:39:02,858 INFO org.springframework.data.repository.config.RepositoryConfigurationDelegate [restartedMain] Bootstrapping Spring Data JPA repositories in DEFAULT mode.
2021-03-22 23:39:02,941 INFO org.springframework.data.repository.config.RepositoryConfigurationDelegate [restartedMain] Finished Spring Data repository scanning in 69 ms. Found 3 JPA repository interfaces.
2021-03-22 23:39:04,537 INFO org.springframework.boot.web.embedded.tomcat.TomcatWebServer [restartedMain] Tomcat initialized with port(s): 8085 (http)
2021-03-22 23:39:04,552 INFO org.apache.coyote.http11.Http11NioProtocol [restartedMain] Initializing ProtocolHandler ["http-nio-8085"]
2021-03-22 23:39:04,553 INFO org.apache.catalina.core.StandardService [restartedMain] Starting service [Tomcat]
2021-03-22 23:39:04,553 INFO org.apache.catalina.core.StandardEngine [restartedMain] Starting Servlet engine: [Apache Tomcat/9.0.43]
2021-03-22 23:39:04,709 INFO org.apache.catalina.core.ContainerBase.[Tomcat].[localhost].[/springfox] [restartedMain] Initializing Spring embedded WebApplicationContext
2021-03-22 23:39:04,709 INFO org.springframework.boot.web.servlet.context.ServletWebServerApplicationContext [restartedMain] Root WebApplicationContext: initialization completed in 3221 ms
2021-03-22 23:39:05,302 INFO org.hibernate.jpa.internal.util.LogHelper [restartedMain] HHH000204: Processing PersistenceUnitInfo [name: default]
2021-03-22 23:39:05,389 INFO org.hibernate.Version [restartedMain] HHH000412: Hibernate ORM core version 5.4.28.Final
2021-03-22 23:39:05,555 INFO org.hibernate.annotations.common.Version [restartedMain] HCANN000001: Hibernate Commons Annotations {5.1.2.Final}
2021-03-22 23:39:05,681 INFO com.zaxxer.hikari.HikariDataSource [restartedMain] HikariPool-1 - Starting...
2021-03-22 23:39:06,307 INFO com.zaxxer.hikari.HikariDataSource [restartedMain] HikariPool-1 - Start completed.
2021-03-22 23:39:06,357 INFO org.hibernate.dialect.Dialect [restartedMain] HHH000400: Using dialect: org.hibernate.dialect.PostgreSQL10Dialect
2021-03-22 23:39:08,478 INFO org.hibernate.engine.transaction.jta.platform.internal.JtaPlatformInitiator [restartedMain] HHH000490: Using JtaPlatform implementation: [org.hibernate.engine.transaction.jta.platform.internal.NoJtaPlatform]
2021-03-22 23:39:08,493 INFO org.springframework.orm.jpa.LocalContainerEntityManagerFactoryBean [restartedMain] Initialized JPA EntityManagerFactory for persistence unit 'default'
2021-03-22 23:39:08,536 INFO org.springframework.boot.devtools.autoconfigure.OptionalLiveReloadServer [restartedMain] LiveReload server is running on port 35729
2021-03-22 23:39:09,977 WARN org.springframework.boot.autoconfigure.orm.jpa.JpaBaseConfiguration$JpaWebConfiguration [restartedMain] spring.jpa.open-in-view is enabled by default. Therefore, database queries may be performed during view rendering. Explicitly configure spring.jpa.open-in-view to disable this warning
2021-03-22 23:39:10,378 INFO org.springframework.boot.actuate.endpoint.web.EndpointLinksResolver [restartedMain] Exposing 2 endpoint(s) beneath base path '/actuator'
2021-03-22 23:39:11,074 INFO org.apache.coyote.http11.Http11NioProtocol [restartedMain] Starting ProtocolHandler ["http-nio-8085"]
2021-03-22 23:39:11,279 INFO org.springframework.boot.web.embedded.tomcat.TomcatWebServer [restartedMain] Tomcat started on port(s): 8085 (http) with context path '/springfox'
2021-03-22 23:39:12,156 INFO com.cg.hims.application.HomeInsuranceManagementSystemApplication [restartedMain] Started HomeInsuranceManagementSystemApplication in 11.308 seconds (JVM running for 12.252)
2021-03-22 23:39:20,292 INFO org.apache.catalina.core.ContainerBase.[Tomcat].[localhost].[/springfox] [http-nio-8085-exec-10] Initializing Spring DispatcherServlet 'dispatcherServlet'
2021-03-22 23:39:20,292 INFO org.springframework.web.servlet.DispatcherServlet [http-nio-8085-exec-10] Initializing Servlet 'dispatcherServlet'
2021-03-22 23:39:20,296 INFO org.springframework.web.servlet.DispatcherServlet [http-nio-8085-exec-10] Completed initialization in 3 ms
2021-03-22 23:44:46,946 INFO com.cg.hims.application.HomeInsuranceManagementSystemApplication [restartedMain] Starting HomeInsuranceManagementSystemApplication using Java 1.8.0_281 on DESKTOP-PTPOCAH with PID 7748 (C:\Users\Prathmesh\git\HomeInsuranceSystem\Home-Insurance-Management-System\target\classes started by Prathmesh in C:\Users\Prathmesh\git\HomeInsuranceSystem\Home-Insurance-Management-System)
2021-03-22 23:44:46,952 DEBUG com.cg.hims.application.HomeInsuranceManagementSystemApplication [restartedMain] Running with Spring Boot v2.4.3, Spring v5.3.4
2021-03-22 23:44:46,953 INFO com.cg.hims.application.HomeInsuranceManagementSystemApplication [restartedMain] No active profile set, falling back to default profiles: default
2021-03-22 23:44:47,053 INFO org.springframework.boot.devtools.env.DevToolsPropertyDefaultsPostProcessor [restartedMain] Devtools property defaults active! Set 'spring.devtools.add-properties' to 'false' to disable
2021-03-22 23:44:47,054 INFO org.springframework.boot.devtools.env.DevToolsPropertyDefaultsPostProcessor [restartedMain] For additional web related logging consider setting the 'logging.level.web' property to 'DEBUG'
2021-03-22 23:44:48,473 INFO org.springframework.data.repository.config.RepositoryConfigurationDelegate [restartedMain] Bootstrapping Spring Data JPA repositories in DEFAULT mode.
2021-03-22 23:44:48,568 INFO org.springframework.data.repository.config.RepositoryConfigurationDelegate [restartedMain] Finished Spring Data repository scanning in 81 ms. Found 3 JPA repository interfaces.
2021-03-22 23:44:50,216 INFO org.springframework.boot.web.embedded.tomcat.TomcatWebServer [restartedMain] Tomcat initialized with port(s): 8085 (http)
2021-03-22 23:44:50,232 INFO org.apache.coyote.http11.Http11NioProtocol [restartedMain] Initializing ProtocolHandler ["http-nio-8085"]
2021-03-22 23:44:50,233 INFO org.apache.catalina.core.StandardService [restartedMain] Starting service [Tomcat]
2021-03-22 23:44:50,233 INFO org.apache.catalina.core.StandardEngine [restartedMain] Starting Servlet engine: [Apache Tomcat/9.0.43]
2021-03-22 23:44:50,378 INFO org.apache.catalina.core.ContainerBase.[Tomcat].[localhost].[/springfox] [restartedMain] Initializing Spring embedded WebApplicationContext
2021-03-22 23:44:50,379 INFO org.springframework.boot.web.servlet.context.ServletWebServerApplicationContext [restartedMain] Root WebApplicationContext: initialization completed in 3324 ms
2021-03-22 23:44:50,961 INFO org.hibernate.jpa.internal.util.LogHelper [restartedMain] HHH000204: Processing PersistenceUnitInfo [name: default]
2021-03-22 23:44:51,131 INFO org.hibernate.Version [restartedMain] HHH000412: Hibernate ORM core version 5.4.28.Final
2021-03-22 23:44:51,461 INFO org.hibernate.annotations.common.Version [restartedMain] HCANN000001: Hibernate Commons Annotations {5.1.2.Final}
2021-03-22 23:44:51,621 INFO com.zaxxer.hikari.HikariDataSource [restartedMain] HikariPool-1 - Starting...
2021-03-22 23:44:52,302 INFO com.zaxxer.hikari.HikariDataSource [restartedMain] HikariPool-1 - Start completed.
2021-03-22 23:44:52,359 INFO org.hibernate.dialect.Dialect [restartedMain] HHH000400: Using dialect: org.hibernate.dialect.PostgreSQL10Dialect
2021-03-22 23:44:53,410 ERROR org.springframework.orm.jpa.LocalContainerEntityManagerFactoryBean [restartedMain] Failed to initialize JPA EntityManagerFactory: [PersistenceUnit: default] Unable to build Hibernate SessionFactory; nested exception is org.hibernate.MappingException: Could not determine type for: com.cg.hims.entities.Policy, at table: transaction, for columns: [org.hibernate.mapping.Column(policy_id)]
2021-03-22 23:44:53,411 WARN org.springframework.boot.web.servlet.context.AnnotationConfigServletWebServerApplicationContext [restartedMain] Exception encountered during context initialization - cancelling refresh attempt: org.springframework.beans.factory.BeanCreationException: Error creating bean with name 'entityManagerFactory' defined in class path resource [org/springframework/boot/autoconfigure/orm/jpa/HibernateJpaConfiguration.class]: Invocation of init method failed; nested exception is javax.persistence.PersistenceException: [PersistenceUnit: default] Unable to build Hibernate SessionFactory; nested exception is org.hibernate.MappingException: Could not determine type for: com.cg.hims.entities.Policy, at table: transaction, for columns: [org.hibernate.mapping.Column(policy_id)]
2021-03-22 23:44:53,414 INFO com.zaxxer.hikari.HikariDataSource [restartedMain] HikariPool-1 - Shutdown initiated...
2021-03-22 23:44:53,424 INFO com.zaxxer.hikari.HikariDataSource [restartedMain] HikariPool-1 - Shutdown completed.
2021-03-22 23:44:53,437 INFO org.apache.catalina.core.StandardService [restartedMain] Stopping service [Tomcat]
2021-03-22 23:44:53,462 INFO org.springframework.boot.autoconfigure.logging.ConditionEvaluationReportLoggingListener [restartedMain] 

Error starting ApplicationContext. To display the conditions report re-run your application with 'debug' enabled.
2021-03-22 23:44:53,492 ERROR org.springframework.boot.SpringApplication [restartedMain] Application run failed
org.springframework.beans.factory.BeanCreationException: Error creating bean with name 'entityManagerFactory' defined in class path resource [org/springframework/boot/autoconfigure/orm/jpa/HibernateJpaConfiguration.class]: Invocation of init method failed; nested exception is javax.persistence.PersistenceException: [PersistenceUnit: default] Unable to build Hibernate SessionFactory; nested exception is org.hibernate.MappingException: Could not determine type for: com.cg.hims.entities.Policy, at table: transaction, for columns: [org.hibernate.mapping.Column(policy_id)]
	at org.springframework.beans.factory.support.AbstractAutowireCapableBeanFactory.initializeBean(AbstractAutowireCapableBeanFactory.java:1786)
	at org.springframework.beans.factory.support.AbstractAutowireCapableBeanFactory.doCreateBean(AbstractAutowireCapableBeanFactory.java:602)
	at org.springframework.beans.factory.support.AbstractAutowireCapableBeanFactory.createBean(AbstractAutowireCapableBeanFactory.java:524)
	at org.springframework.beans.factory.support.AbstractBeanFactory.lambda$doGetBean$0(AbstractBeanFactory.java:335)
	at org.springframework.beans.factory.support.DefaultSingletonBeanRegistry.getSingleton(DefaultSingletonBeanRegistry.java:234)
	at org.springframework.beans.factory.support.AbstractBeanFactory.doGetBean(AbstractBeanFactory.java:333)
	at org.springframework.beans.factory.support.AbstractBeanFactory.getBean(AbstractBeanFactory.java:208)
	at org.springframework.context.support.AbstractApplicationContext.getBean(AbstractApplicationContext.java:1153)
	at org.springframework.context.support.AbstractApplicationContext.finishBeanFactoryInitialization(AbstractApplicationContext.java:907)
	at org.springframework.context.support.AbstractApplicationContext.refresh(AbstractApplicationContext.java:582)
	at org.springframework.boot.web.servlet.context.ServletWebServerApplicationContext.refresh(ServletWebServerApplicationContext.java:144)
	at org.springframework.boot.SpringApplication.refresh(SpringApplication.java:767)
	at org.springframework.boot.SpringApplication.refresh(SpringApplication.java:759)
	at org.springframework.boot.SpringApplication.refreshContext(SpringApplication.java:426)
	at org.springframework.boot.SpringApplication.run(SpringApplication.java:326)
	at org.springframework.boot.SpringApplication.run(SpringApplication.java:1311)
	at org.springframework.boot.SpringApplication.run(SpringApplication.java:1300)
	at com.cg.hims.application.HomeInsuranceManagementSystemApplication.main(HomeInsuranceManagementSystemApplication.java:24)
	at sun.reflect.NativeMethodAccessorImpl.invoke0(Native Method)
	at sun.reflect.NativeMethodAccessorImpl.invoke(NativeMethodAccessorImpl.java:62)
	at sun.reflect.DelegatingMethodAccessorImpl.invoke(DelegatingMethodAccessorImpl.java:43)
	at java.lang.reflect.Method.invoke(Method.java:498)
	at org.springframework.boot.devtools.restart.RestartLauncher.run(RestartLauncher.java:49)
Caused by: javax.persistence.PersistenceException: [PersistenceUnit: default] Unable to build Hibernate SessionFactory; nested exception is org.hibernate.MappingException: Could not determine type for: com.cg.hims.entities.Policy, at table: transaction, for columns: [org.hibernate.mapping.Column(policy_id)]
	at org.springframework.orm.jpa.AbstractEntityManagerFactoryBean.buildNativeEntityManagerFactory(AbstractEntityManagerFactoryBean.java:421)
	at org.springframework.orm.jpa.AbstractEntityManagerFactoryBean.afterPropertiesSet(AbstractEntityManagerFactoryBean.java:396)
	at org.springframework.orm.jpa.LocalContainerEntityManagerFactoryBean.afterPropertiesSet(LocalContainerEntityManagerFactoryBean.java:341)
	at org.springframework.beans.factory.support.AbstractAutowireCapableBeanFactory.invokeInitMethods(AbstractAutowireCapableBeanFactory.java:1845)
	at org.springframework.beans.factory.support.AbstractAutowireCapableBeanFactory.initializeBean(AbstractAutowireCapableBeanFactory.java:1782)
	... 22 common frames omitted
Caused by: org.hibernate.MappingException: Could not determine type for: com.cg.hims.entities.Policy, at table: transaction, for columns: [org.hibernate.mapping.Column(policy_id)]
	at org.hibernate.mapping.SimpleValue.getType(SimpleValue.java:499)
	at org.hibernate.mapping.SimpleValue.isValid(SimpleValue.java:466)
	at org.hibernate.mapping.Property.isValid(Property.java:227)
	at org.hibernate.mapping.PersistentClass.validate(PersistentClass.java:624)
	at org.hibernate.mapping.RootClass.validate(RootClass.java:267)
	at org.hibernate.boot.internal.MetadataImpl.validate(MetadataImpl.java:354)
	at org.hibernate.internal.SessionFactoryImpl.<init>(SessionFactoryImpl.java:298)
	at org.hibernate.boot.internal.SessionFactoryBuilderImpl.build(SessionFactoryBuilderImpl.java:468)
	at org.hibernate.jpa.boot.internal.EntityManagerFactoryBuilderImpl.build(EntityManagerFactoryBuilderImpl.java:1259)
	at org.springframework.orm.jpa.vendor.SpringHibernateJpaPersistenceProvider.createContainerEntityManagerFactory(SpringHibernateJpaPersistenceProvider.java:58)
	at org.springframework.orm.jpa.LocalContainerEntityManagerFactoryBean.createNativeEntityManagerFactory(LocalContainerEntityManagerFactoryBean.java:365)
	at org.springframework.orm.jpa.AbstractEntityManagerFactoryBean.buildNativeEntityManagerFactory(AbstractEntityManagerFactoryBean.java:409)
	... 26 common frames omitted
2021-03-22 23:45:35,705 INFO com.cg.hims.application.HomeInsuranceManagementSystemApplication [restartedMain] Starting HomeInsuranceManagementSystemApplication using Java 1.8.0_281 on DESKTOP-PTPOCAH with PID 21544 (C:\Users\Prathmesh\git\HomeInsuranceSystem\Home-Insurance-Management-System\target\classes started by Prathmesh in C:\Users\Prathmesh\git\HomeInsuranceSystem\Home-Insurance-Management-System)
2021-03-22 23:45:35,709 DEBUG com.cg.hims.application.HomeInsuranceManagementSystemApplication [restartedMain] Running with Spring Boot v2.4.3, Spring v5.3.4
2021-03-22 23:45:35,709 INFO com.cg.hims.application.HomeInsuranceManagementSystemApplication [restartedMain] No active profile set, falling back to default profiles: default
2021-03-22 23:45:35,810 INFO org.springframework.boot.devtools.env.DevToolsPropertyDefaultsPostProcessor [restartedMain] Devtools property defaults active! Set 'spring.devtools.add-properties' to 'false' to disable
2021-03-22 23:45:35,810 INFO org.springframework.boot.devtools.env.DevToolsPropertyDefaultsPostProcessor [restartedMain] For additional web related logging consider setting the 'logging.level.web' property to 'DEBUG'
2021-03-22 23:45:37,209 INFO org.springframework.data.repository.config.RepositoryConfigurationDelegate [restartedMain] Bootstrapping Spring Data JPA repositories in DEFAULT mode.
2021-03-22 23:45:37,300 INFO org.springframework.data.repository.config.RepositoryConfigurationDelegate [restartedMain] Finished Spring Data repository scanning in 75 ms. Found 3 JPA repository interfaces.
2021-03-22 23:45:38,858 INFO org.springframework.boot.web.embedded.tomcat.TomcatWebServer [restartedMain] Tomcat initialized with port(s): 8085 (http)
2021-03-22 23:45:38,876 INFO org.apache.coyote.http11.Http11NioProtocol [restartedMain] Initializing ProtocolHandler ["http-nio-8085"]
2021-03-22 23:45:38,877 INFO org.apache.catalina.core.StandardService [restartedMain] Starting service [Tomcat]
2021-03-22 23:45:38,877 INFO org.apache.catalina.core.StandardEngine [restartedMain] Starting Servlet engine: [Apache Tomcat/9.0.43]
2021-03-22 23:45:39,028 INFO org.apache.catalina.core.ContainerBase.[Tomcat].[localhost].[/springfox] [restartedMain] Initializing Spring embedded WebApplicationContext
2021-03-22 23:45:39,028 INFO org.springframework.boot.web.servlet.context.ServletWebServerApplicationContext [restartedMain] Root WebApplicationContext: initialization completed in 3217 ms
2021-03-22 23:45:39,573 INFO org.hibernate.jpa.internal.util.LogHelper [restartedMain] HHH000204: Processing PersistenceUnitInfo [name: default]
2021-03-22 23:45:39,650 INFO org.hibernate.Version [restartedMain] HHH000412: Hibernate ORM core version 5.4.28.Final
2021-03-22 23:45:39,841 INFO org.hibernate.annotations.common.Version [restartedMain] HCANN000001: Hibernate Commons Annotations {5.1.2.Final}
2021-03-22 23:45:39,965 INFO com.zaxxer.hikari.HikariDataSource [restartedMain] HikariPool-1 - Starting...
2021-03-22 23:45:40,588 INFO com.zaxxer.hikari.HikariDataSource [restartedMain] HikariPool-1 - Start completed.
2021-03-22 23:45:40,631 INFO org.hibernate.dialect.Dialect [restartedMain] HHH000400: Using dialect: org.hibernate.dialect.PostgreSQL10Dialect
2021-03-22 23:45:41,434 ERROR org.springframework.orm.jpa.LocalContainerEntityManagerFactoryBean [restartedMain] Failed to initialize JPA EntityManagerFactory: [PersistenceUnit: default] Unable to build Hibernate SessionFactory; nested exception is org.hibernate.MappingException: Could not determine type for: com.cg.hims.entities.Policy, at table: transaction, for columns: [org.hibernate.mapping.Column(policy_id)]
2021-03-22 23:45:41,434 WARN org.springframework.boot.web.servlet.context.AnnotationConfigServletWebServerApplicationContext [restartedMain] Exception encountered during context initialization - cancelling refresh attempt: org.springframework.beans.factory.BeanCreationException: Error creating bean with name 'entityManagerFactory' defined in class path resource [org/springframework/boot/autoconfigure/orm/jpa/HibernateJpaConfiguration.class]: Invocation of init method failed; nested exception is javax.persistence.PersistenceException: [PersistenceUnit: default] Unable to build Hibernate SessionFactory; nested exception is org.hibernate.MappingException: Could not determine type for: com.cg.hims.entities.Policy, at table: transaction, for columns: [org.hibernate.mapping.Column(policy_id)]
2021-03-22 23:45:41,436 INFO com.zaxxer.hikari.HikariDataSource [restartedMain] HikariPool-1 - Shutdown initiated...
2021-03-22 23:45:41,443 INFO com.zaxxer.hikari.HikariDataSource [restartedMain] HikariPool-1 - Shutdown completed.
2021-03-22 23:45:41,446 INFO org.apache.catalina.core.StandardService [restartedMain] Stopping service [Tomcat]
2021-03-22 23:45:41,474 INFO org.springframework.boot.autoconfigure.logging.ConditionEvaluationReportLoggingListener [restartedMain] 

Error starting ApplicationContext. To display the conditions report re-run your application with 'debug' enabled.
2021-03-22 23:45:41,502 ERROR org.springframework.boot.SpringApplication [restartedMain] Application run failed
org.springframework.beans.factory.BeanCreationException: Error creating bean with name 'entityManagerFactory' defined in class path resource [org/springframework/boot/autoconfigure/orm/jpa/HibernateJpaConfiguration.class]: Invocation of init method failed; nested exception is javax.persistence.PersistenceException: [PersistenceUnit: default] Unable to build Hibernate SessionFactory; nested exception is org.hibernate.MappingException: Could not determine type for: com.cg.hims.entities.Policy, at table: transaction, for columns: [org.hibernate.mapping.Column(policy_id)]
	at org.springframework.beans.factory.support.AbstractAutowireCapableBeanFactory.initializeBean(AbstractAutowireCapableBeanFactory.java:1786)
	at org.springframework.beans.factory.support.AbstractAutowireCapableBeanFactory.doCreateBean(AbstractAutowireCapableBeanFactory.java:602)
	at org.springframework.beans.factory.support.AbstractAutowireCapableBeanFactory.createBean(AbstractAutowireCapableBeanFactory.java:524)
	at org.springframework.beans.factory.support.AbstractBeanFactory.lambda$doGetBean$0(AbstractBeanFactory.java:335)
	at org.springframework.beans.factory.support.DefaultSingletonBeanRegistry.getSingleton(DefaultSingletonBeanRegistry.java:234)
	at org.springframework.beans.factory.support.AbstractBeanFactory.doGetBean(AbstractBeanFactory.java:333)
	at org.springframework.beans.factory.support.AbstractBeanFactory.getBean(AbstractBeanFactory.java:208)
	at org.springframework.context.support.AbstractApplicationContext.getBean(AbstractApplicationContext.java:1153)
	at org.springframework.context.support.AbstractApplicationContext.finishBeanFactoryInitialization(AbstractApplicationContext.java:907)
	at org.springframework.context.support.AbstractApplicationContext.refresh(AbstractApplicationContext.java:582)
	at org.springframework.boot.web.servlet.context.ServletWebServerApplicationContext.refresh(ServletWebServerApplicationContext.java:144)
	at org.springframework.boot.SpringApplication.refresh(SpringApplication.java:767)
	at org.springframework.boot.SpringApplication.refresh(SpringApplication.java:759)
	at org.springframework.boot.SpringApplication.refreshContext(SpringApplication.java:426)
	at org.springframework.boot.SpringApplication.run(SpringApplication.java:326)
	at org.springframework.boot.SpringApplication.run(SpringApplication.java:1311)
	at org.springframework.boot.SpringApplication.run(SpringApplication.java:1300)
	at com.cg.hims.application.HomeInsuranceManagementSystemApplication.main(HomeInsuranceManagementSystemApplication.java:24)
	at sun.reflect.NativeMethodAccessorImpl.invoke0(Native Method)
	at sun.reflect.NativeMethodAccessorImpl.invoke(NativeMethodAccessorImpl.java:62)
	at sun.reflect.DelegatingMethodAccessorImpl.invoke(DelegatingMethodAccessorImpl.java:43)
	at java.lang.reflect.Method.invoke(Method.java:498)
	at org.springframework.boot.devtools.restart.RestartLauncher.run(RestartLauncher.java:49)
Caused by: javax.persistence.PersistenceException: [PersistenceUnit: default] Unable to build Hibernate SessionFactory; nested exception is org.hibernate.MappingException: Could not determine type for: com.cg.hims.entities.Policy, at table: transaction, for columns: [org.hibernate.mapping.Column(policy_id)]
	at org.springframework.orm.jpa.AbstractEntityManagerFactoryBean.buildNativeEntityManagerFactory(AbstractEntityManagerFactoryBean.java:421)
	at org.springframework.orm.jpa.AbstractEntityManagerFactoryBean.afterPropertiesSet(AbstractEntityManagerFactoryBean.java:396)
	at org.springframework.orm.jpa.LocalContainerEntityManagerFactoryBean.afterPropertiesSet(LocalContainerEntityManagerFactoryBean.java:341)
	at org.springframework.beans.factory.support.AbstractAutowireCapableBeanFactory.invokeInitMethods(AbstractAutowireCapableBeanFactory.java:1845)
	at org.springframework.beans.factory.support.AbstractAutowireCapableBeanFactory.initializeBean(AbstractAutowireCapableBeanFactory.java:1782)
	... 22 common frames omitted
Caused by: org.hibernate.MappingException: Could not determine type for: com.cg.hims.entities.Policy, at table: transaction, for columns: [org.hibernate.mapping.Column(policy_id)]
	at org.hibernate.mapping.SimpleValue.getType(SimpleValue.java:499)
	at org.hibernate.mapping.SimpleValue.isValid(SimpleValue.java:466)
	at org.hibernate.mapping.Property.isValid(Property.java:227)
	at org.hibernate.mapping.PersistentClass.validate(PersistentClass.java:624)
	at org.hibernate.mapping.RootClass.validate(RootClass.java:267)
	at org.hibernate.boot.internal.MetadataImpl.validate(MetadataImpl.java:354)
	at org.hibernate.internal.SessionFactoryImpl.<init>(SessionFactoryImpl.java:298)
	at org.hibernate.boot.internal.SessionFactoryBuilderImpl.build(SessionFactoryBuilderImpl.java:468)
	at org.hibernate.jpa.boot.internal.EntityManagerFactoryBuilderImpl.build(EntityManagerFactoryBuilderImpl.java:1259)
	at org.springframework.orm.jpa.vendor.SpringHibernateJpaPersistenceProvider.createContainerEntityManagerFactory(SpringHibernateJpaPersistenceProvider.java:58)
	at org.springframework.orm.jpa.LocalContainerEntityManagerFactoryBean.createNativeEntityManagerFactory(LocalContainerEntityManagerFactoryBean.java:365)
	at org.springframework.orm.jpa.AbstractEntityManagerFactoryBean.buildNativeEntityManagerFactory(AbstractEntityManagerFactoryBean.java:409)
	... 26 common frames omitted
2021-03-22 23:46:10,829 INFO com.cg.hims.application.HomeInsuranceManagementSystemApplication [restartedMain] Starting HomeInsuranceManagementSystemApplication using Java 1.8.0_281 on DESKTOP-PTPOCAH with PID 16648 (C:\Users\Prathmesh\git\HomeInsuranceSystem\Home-Insurance-Management-System\target\classes started by Prathmesh in C:\Users\Prathmesh\git\HomeInsuranceSystem\Home-Insurance-Management-System)
2021-03-22 23:46:10,888 DEBUG com.cg.hims.application.HomeInsuranceManagementSystemApplication [restartedMain] Running with Spring Boot v2.4.3, Spring v5.3.4
2021-03-22 23:46:10,888 INFO com.cg.hims.application.HomeInsuranceManagementSystemApplication [restartedMain] No active profile set, falling back to default profiles: default
2021-03-22 23:46:11,002 INFO org.springframework.boot.devtools.env.DevToolsPropertyDefaultsPostProcessor [restartedMain] Devtools property defaults active! Set 'spring.devtools.add-properties' to 'false' to disable
2021-03-22 23:46:11,002 INFO org.springframework.boot.devtools.env.DevToolsPropertyDefaultsPostProcessor [restartedMain] For additional web related logging consider setting the 'logging.level.web' property to 'DEBUG'
2021-03-22 23:46:12,370 INFO org.springframework.data.repository.config.RepositoryConfigurationDelegate [restartedMain] Bootstrapping Spring Data JPA repositories in DEFAULT mode.
2021-03-22 23:46:12,467 INFO org.springframework.data.repository.config.RepositoryConfigurationDelegate [restartedMain] Finished Spring Data repository scanning in 81 ms. Found 3 JPA repository interfaces.
2021-03-22 23:46:14,020 INFO org.springframework.boot.web.embedded.tomcat.TomcatWebServer [restartedMain] Tomcat initialized with port(s): 8085 (http)
2021-03-22 23:46:14,035 INFO org.apache.coyote.http11.Http11NioProtocol [restartedMain] Initializing ProtocolHandler ["http-nio-8085"]
2021-03-22 23:46:14,036 INFO org.apache.catalina.core.StandardService [restartedMain] Starting service [Tomcat]
2021-03-22 23:46:14,036 INFO org.apache.catalina.core.StandardEngine [restartedMain] Starting Servlet engine: [Apache Tomcat/9.0.43]
2021-03-22 23:46:14,194 INFO org.apache.catalina.core.ContainerBase.[Tomcat].[localhost].[/springfox] [restartedMain] Initializing Spring embedded WebApplicationContext
2021-03-22 23:46:14,195 INFO org.springframework.boot.web.servlet.context.ServletWebServerApplicationContext [restartedMain] Root WebApplicationContext: initialization completed in 3193 ms
2021-03-22 23:46:14,813 INFO org.hibernate.jpa.internal.util.LogHelper [restartedMain] HHH000204: Processing PersistenceUnitInfo [name: default]
2021-03-22 23:46:14,907 INFO org.hibernate.Version [restartedMain] HHH000412: Hibernate ORM core version 5.4.28.Final
2021-03-22 23:46:15,082 INFO org.hibernate.annotations.common.Version [restartedMain] HCANN000001: Hibernate Commons Annotations {5.1.2.Final}
2021-03-22 23:46:15,198 INFO com.zaxxer.hikari.HikariDataSource [restartedMain] HikariPool-1 - Starting...
2021-03-22 23:46:15,848 INFO com.zaxxer.hikari.HikariDataSource [restartedMain] HikariPool-1 - Start completed.
2021-03-22 23:46:15,893 INFO org.hibernate.dialect.Dialect [restartedMain] HHH000400: Using dialect: org.hibernate.dialect.PostgreSQL10Dialect
2021-03-22 23:46:17,605 INFO org.hibernate.engine.transaction.jta.platform.internal.JtaPlatformInitiator [restartedMain] HHH000490: Using JtaPlatform implementation: [org.hibernate.engine.transaction.jta.platform.internal.NoJtaPlatform]
2021-03-22 23:46:17,615 INFO org.springframework.orm.jpa.LocalContainerEntityManagerFactoryBean [restartedMain] Initialized JPA EntityManagerFactory for persistence unit 'default'
2021-03-22 23:46:17,637 INFO org.springframework.boot.devtools.autoconfigure.OptionalLiveReloadServer [restartedMain] LiveReload server is running on port 35729
2021-03-22 23:46:18,680 WARN org.springframework.boot.autoconfigure.orm.jpa.JpaBaseConfiguration$JpaWebConfiguration [restartedMain] spring.jpa.open-in-view is enabled by default. Therefore, database queries may be performed during view rendering. Explicitly configure spring.jpa.open-in-view to disable this warning
2021-03-22 23:46:18,953 INFO org.springframework.boot.actuate.endpoint.web.EndpointLinksResolver [restartedMain] Exposing 2 endpoint(s) beneath base path '/actuator'
2021-03-22 23:46:19,551 INFO org.apache.coyote.http11.Http11NioProtocol [restartedMain] Starting ProtocolHandler ["http-nio-8085"]
2021-03-22 23:46:19,575 INFO org.springframework.boot.web.embedded.tomcat.TomcatWebServer [restartedMain] Tomcat started on port(s): 8085 (http) with context path '/springfox'
2021-03-22 23:46:20,031 INFO com.cg.hims.application.HomeInsuranceManagementSystemApplication [restartedMain] Started HomeInsuranceManagementSystemApplication in 9.697 seconds (JVM running for 10.552)
2021-03-22 23:46:40,141 INFO org.apache.catalina.core.ContainerBase.[Tomcat].[localhost].[/springfox] [http-nio-8085-exec-1] Initializing Spring DispatcherServlet 'dispatcherServlet'
2021-03-22 23:46:40,141 INFO org.springframework.web.servlet.DispatcherServlet [http-nio-8085-exec-1] Initializing Servlet 'dispatcherServlet'
2021-03-22 23:46:40,144 INFO org.springframework.web.servlet.DispatcherServlet [http-nio-8085-exec-1] Completed initialization in 3 ms
2021-03-22 23:48:20,583 INFO com.cg.hims.application.HomeInsuranceManagementSystemApplication [restartedMain] Starting HomeInsuranceManagementSystemApplication using Java 1.8.0_281 on DESKTOP-PTPOCAH with PID 18804 (C:\Users\Prathmesh\git\HomeInsuranceSystem\Home-Insurance-Management-System\target\classes started by Prathmesh in C:\Users\Prathmesh\git\HomeInsuranceSystem\Home-Insurance-Management-System)
2021-03-22 23:48:20,589 DEBUG com.cg.hims.application.HomeInsuranceManagementSystemApplication [restartedMain] Running with Spring Boot v2.4.3, Spring v5.3.4
2021-03-22 23:48:20,590 INFO com.cg.hims.application.HomeInsuranceManagementSystemApplication [restartedMain] No active profile set, falling back to default profiles: default
2021-03-22 23:48:20,692 INFO org.springframework.boot.devtools.env.DevToolsPropertyDefaultsPostProcessor [restartedMain] Devtools property defaults active! Set 'spring.devtools.add-properties' to 'false' to disable
2021-03-22 23:48:20,692 INFO org.springframework.boot.devtools.env.DevToolsPropertyDefaultsPostProcessor [restartedMain] For additional web related logging consider setting the 'logging.level.web' property to 'DEBUG'
2021-03-22 23:48:22,085 INFO org.springframework.data.repository.config.RepositoryConfigurationDelegate [restartedMain] Bootstrapping Spring Data JPA repositories in DEFAULT mode.
2021-03-22 23:48:22,168 INFO org.springframework.data.repository.config.RepositoryConfigurationDelegate [restartedMain] Finished Spring Data repository scanning in 69 ms. Found 3 JPA repository interfaces.
2021-03-22 23:48:23,703 INFO org.springframework.boot.web.embedded.tomcat.TomcatWebServer [restartedMain] Tomcat initialized with port(s): 8085 (http)
2021-03-22 23:48:23,716 INFO org.apache.coyote.http11.Http11NioProtocol [restartedMain] Initializing ProtocolHandler ["http-nio-8085"]
2021-03-22 23:48:23,717 INFO org.apache.catalina.core.StandardService [restartedMain] Starting service [Tomcat]
2021-03-22 23:48:23,717 INFO org.apache.catalina.core.StandardEngine [restartedMain] Starting Servlet engine: [Apache Tomcat/9.0.43]
2021-03-22 23:48:23,845 INFO org.apache.catalina.core.ContainerBase.[Tomcat].[localhost].[/springfox] [restartedMain] Initializing Spring embedded WebApplicationContext
2021-03-22 23:48:23,846 INFO org.springframework.boot.web.servlet.context.ServletWebServerApplicationContext [restartedMain] Root WebApplicationContext: initialization completed in 3153 ms
2021-03-22 23:48:24,393 INFO org.hibernate.jpa.internal.util.LogHelper [restartedMain] HHH000204: Processing PersistenceUnitInfo [name: default]
2021-03-22 23:48:24,477 INFO org.hibernate.Version [restartedMain] HHH000412: Hibernate ORM core version 5.4.28.Final
2021-03-22 23:48:24,695 INFO org.hibernate.annotations.common.Version [restartedMain] HCANN000001: Hibernate Commons Annotations {5.1.2.Final}
2021-03-22 23:48:24,843 INFO com.zaxxer.hikari.HikariDataSource [restartedMain] HikariPool-1 - Starting...
2021-03-22 23:48:25,504 INFO com.zaxxer.hikari.HikariDataSource [restartedMain] HikariPool-1 - Start completed.
2021-03-22 23:48:25,552 INFO org.hibernate.dialect.Dialect [restartedMain] HHH000400: Using dialect: org.hibernate.dialect.PostgreSQL10Dialect
2021-03-22 23:48:27,941 INFO org.hibernate.engine.transaction.jta.platform.internal.JtaPlatformInitiator [restartedMain] HHH000490: Using JtaPlatform implementation: [org.hibernate.engine.transaction.jta.platform.internal.NoJtaPlatform]
2021-03-22 23:48:27,952 INFO org.springframework.orm.jpa.LocalContainerEntityManagerFactoryBean [restartedMain] Initialized JPA EntityManagerFactory for persistence unit 'default'
2021-03-22 23:48:27,973 INFO org.springframework.boot.devtools.autoconfigure.OptionalLiveReloadServer [restartedMain] LiveReload server is running on port 35729
2021-03-22 23:48:29,017 WARN org.springframework.boot.autoconfigure.orm.jpa.JpaBaseConfiguration$JpaWebConfiguration [restartedMain] spring.jpa.open-in-view is enabled by default. Therefore, database queries may be performed during view rendering. Explicitly configure spring.jpa.open-in-view to disable this warning
2021-03-22 23:48:29,257 INFO org.springframework.boot.actuate.endpoint.web.EndpointLinksResolver [restartedMain] Exposing 2 endpoint(s) beneath base path '/actuator'
2021-03-22 23:48:29,896 INFO org.apache.coyote.http11.Http11NioProtocol [restartedMain] Starting ProtocolHandler ["http-nio-8085"]
2021-03-22 23:48:29,929 INFO org.springframework.boot.web.embedded.tomcat.TomcatWebServer [restartedMain] Tomcat started on port(s): 8085 (http) with context path '/springfox'
2021-03-22 23:48:30,563 INFO com.cg.hims.application.HomeInsuranceManagementSystemApplication [restartedMain] Started HomeInsuranceManagementSystemApplication in 10.49 seconds (JVM running for 11.396)
2021-03-22 23:48:39,316 INFO org.apache.catalina.core.ContainerBase.[Tomcat].[localhost].[/springfox] [http-nio-8085-exec-1] Initializing Spring DispatcherServlet 'dispatcherServlet'
2021-03-22 23:48:39,316 INFO org.springframework.web.servlet.DispatcherServlet [http-nio-8085-exec-1] Initializing Servlet 'dispatcherServlet'
2021-03-22 23:48:39,320 INFO org.springframework.web.servlet.DispatcherServlet [http-nio-8085-exec-1] Completed initialization in 4 ms
