2021-03-21 19:05:42,008 INFO com.cg.hims.application.HomeInsuranceManagementSystemApplication [restartedMain] Starting HomeInsuranceManagementSystemApplication using Java 1.8.0_281 on LAPTOP-TM6B56L9 with PID 18984 (D:\Capgemini\git\HomeInsuranceSystem\Home-Insurance-Management-System\target\classes started by rohit in D:\Capgemini\git\HomeInsuranceSystem\Home-Insurance-Management-System)
2021-03-21 19:05:42,010 DEBUG com.cg.hims.application.HomeInsuranceManagementSystemApplication [restartedMain] Running with Spring Boot v2.4.3, Spring v5.3.4
2021-03-21 19:05:42,011 INFO com.cg.hims.application.HomeInsuranceManagementSystemApplication [restartedMain] No active profile set, falling back to default profiles: default
2021-03-21 19:05:42,097 INFO org.springframework.boot.devtools.env.DevToolsPropertyDefaultsPostProcessor [restartedMain] Devtools property defaults active! Set 'spring.devtools.add-properties' to 'false' to disable
2021-03-21 19:05:42,098 INFO org.springframework.boot.devtools.env.DevToolsPropertyDefaultsPostProcessor [restartedMain] For additional web related logging consider setting the 'logging.level.web' property to 'DEBUG'
2021-03-21 19:05:43,197 INFO org.springframework.data.repository.config.RepositoryConfigurationDelegate [restartedMain] Bootstrapping Spring Data JPA repositories in DEFAULT mode.
2021-03-21 19:05:43,280 INFO org.springframework.data.repository.config.RepositoryConfigurationDelegate [restartedMain] Finished Spring Data repository scanning in 72 ms. Found 7 JPA repository interfaces.
2021-03-21 19:05:44,918 INFO org.springframework.boot.web.embedded.tomcat.TomcatWebServer [restartedMain] Tomcat initialized with port(s): 8081 (http)
2021-03-21 19:05:44,934 INFO org.apache.coyote.http11.Http11NioProtocol [restartedMain] Initializing ProtocolHandler ["http-nio-8081"]
2021-03-21 19:05:44,936 INFO org.apache.catalina.core.StandardService [restartedMain] Starting service [Tomcat]
2021-03-21 19:05:44,936 INFO org.apache.catalina.core.StandardEngine [restartedMain] Starting Servlet engine: [Apache Tomcat/9.0.43]
2021-03-21 19:05:45,050 INFO org.apache.catalina.core.ContainerBase.[Tomcat].[localhost].[/springfox] [restartedMain] Initializing Spring embedded WebApplicationContext
2021-03-21 19:05:45,051 INFO org.springframework.boot.web.servlet.context.ServletWebServerApplicationContext [restartedMain] Root WebApplicationContext: initialization completed in 2952 ms
2021-03-21 19:05:45,530 INFO org.hibernate.jpa.internal.util.LogHelper [restartedMain] HHH000204: Processing PersistenceUnitInfo [name: default]
2021-03-21 19:05:45,591 INFO org.hibernate.Version [restartedMain] HHH000412: Hibernate ORM core version 5.4.28.Final
2021-03-21 19:05:45,755 INFO org.hibernate.annotations.common.Version [restartedMain] HCANN000001: Hibernate Commons Annotations {5.1.2.Final}
2021-03-21 19:05:45,867 INFO com.zaxxer.hikari.HikariDataSource [restartedMain] HikariPool-1 - Starting...
2021-03-21 19:05:46,550 INFO com.zaxxer.hikari.HikariDataSource [restartedMain] HikariPool-1 - Start completed.
2021-03-21 19:05:46,595 INFO org.hibernate.dialect.Dialect [restartedMain] HHH000400: Using dialect: org.hibernate.dialect.PostgreSQL10Dialect
2021-03-21 19:05:48,361 INFO org.hibernate.engine.transaction.jta.platform.internal.JtaPlatformInitiator [restartedMain] HHH000490: Using JtaPlatform implementation: [org.hibernate.engine.transaction.jta.platform.internal.NoJtaPlatform]
2021-03-21 19:05:48,373 INFO org.springframework.orm.jpa.LocalContainerEntityManagerFactoryBean [restartedMain] Initialized JPA EntityManagerFactory for persistence unit 'default'
2021-03-21 19:05:48,390 INFO org.springframework.boot.devtools.autoconfigure.OptionalLiveReloadServer [restartedMain] LiveReload server is running on port 35729
2021-03-21 19:05:49,747 WARN org.springframework.boot.autoconfigure.orm.jpa.JpaBaseConfiguration$JpaWebConfiguration [restartedMain] spring.jpa.open-in-view is enabled by default. Therefore, database queries may be performed during view rendering. Explicitly configure spring.jpa.open-in-view to disable this warning
2021-03-21 19:05:50,050 INFO org.springframework.boot.actuate.endpoint.web.EndpointLinksResolver [restartedMain] Exposing 2 endpoint(s) beneath base path '/actuator'
2021-03-21 19:05:50,666 INFO org.apache.coyote.http11.Http11NioProtocol [restartedMain] Starting ProtocolHandler ["http-nio-8081"]
2021-03-21 19:05:50,692 INFO org.springframework.boot.web.embedded.tomcat.TomcatWebServer [restartedMain] Tomcat started on port(s): 8081 (http) with context path '/springfox'
2021-03-21 19:05:51,340 INFO com.cg.hims.application.HomeInsuranceManagementSystemApplication [restartedMain] Started HomeInsuranceManagementSystemApplication in 9.753 seconds (JVM running for 10.467)
2021-03-21 19:06:06,281 INFO org.apache.catalina.core.ContainerBase.[Tomcat].[localhost].[/springfox] [http-nio-8081-exec-1] Initializing Spring DispatcherServlet 'dispatcherServlet'
2021-03-21 19:06:06,282 INFO org.springframework.web.servlet.DispatcherServlet [http-nio-8081-exec-1] Initializing Servlet 'dispatcherServlet'
2021-03-21 19:06:06,285 INFO org.springframework.web.servlet.DispatcherServlet [http-nio-8081-exec-1] Completed initialization in 2 ms
2021-03-21 19:08:51,546 DEBUG com.cg.hims.loggeraspect.UserLoggerAspect [http-nio-8081-exec-9] Entering method : com.cg.hims.controller.LoginController.signup() with argument[s] = [User(user_id=0, user_name=stringkicker, password=strong, first_name=stringman, last_name=san, email_id=string@gmail.com, contact_no=9362697263, address=tambaram,Chennai, role=captain, admin=null, agent=null, policyHolder=null)]
2021-03-21 19:08:51,691 DEBUG com.cg.hims.loggeraspect.UserLoggerAspect [http-nio-8081-exec-9] Exiting method: com.cg.hims.controller.LoginController.signup() with result = <200 OK OK,Added!,[]>
2021-03-21 19:22:16,396 INFO org.springframework.orm.jpa.LocalContainerEntityManagerFactoryBean [Thread-6] Closing JPA EntityManagerFactory for persistence unit 'default'
2021-03-21 19:22:16,401 INFO com.zaxxer.hikari.HikariDataSource [Thread-6] HikariPool-1 - Shutdown initiated...
2021-03-21 19:22:16,415 INFO com.zaxxer.hikari.HikariDataSource [Thread-6] HikariPool-1 - Shutdown completed.
2021-03-21 19:22:16,622 INFO com.cg.hims.application.HomeInsuranceManagementSystemApplication [restartedMain] Starting HomeInsuranceManagementSystemApplication using Java 1.8.0_281 on LAPTOP-TM6B56L9 with PID 18984 (D:\Capgemini\git\HomeInsuranceSystem\Home-Insurance-Management-System\target\classes started by rohit in D:\Capgemini\git\HomeInsuranceSystem\Home-Insurance-Management-System)
2021-03-21 19:22:16,623 DEBUG com.cg.hims.application.HomeInsuranceManagementSystemApplication [restartedMain] Running with Spring Boot v2.4.3, Spring v5.3.4
2021-03-21 19:22:16,624 INFO com.cg.hims.application.HomeInsuranceManagementSystemApplication [restartedMain] No active profile set, falling back to default profiles: default
2021-03-21 19:22:17,170 INFO org.springframework.data.repository.config.RepositoryConfigurationDelegate [restartedMain] Bootstrapping Spring Data JPA repositories in DEFAULT mode.
2021-03-21 19:22:17,196 INFO org.springframework.data.repository.config.RepositoryConfigurationDelegate [restartedMain] Finished Spring Data repository scanning in 25 ms. Found 7 JPA repository interfaces.
2021-03-21 19:22:17,546 INFO org.springframework.boot.web.embedded.tomcat.TomcatWebServer [restartedMain] Tomcat initialized with port(s): 8081 (http)
2021-03-21 19:22:17,548 INFO org.apache.coyote.http11.Http11NioProtocol [restartedMain] Initializing ProtocolHandler ["http-nio-8081"]
2021-03-21 19:22:17,549 INFO org.apache.catalina.core.StandardService [restartedMain] Starting service [Tomcat]
2021-03-21 19:22:17,550 INFO org.apache.catalina.core.StandardEngine [restartedMain] Starting Servlet engine: [Apache Tomcat/9.0.43]
2021-03-21 19:22:17,573 INFO org.apache.catalina.core.ContainerBase.[Tomcat].[localhost].[/springfox] [restartedMain] Initializing Spring embedded WebApplicationContext
2021-03-21 19:22:17,574 INFO org.springframework.boot.web.servlet.context.ServletWebServerApplicationContext [restartedMain] Root WebApplicationContext: initialization completed in 946 ms
2021-03-21 19:22:17,681 INFO org.hibernate.jpa.internal.util.LogHelper [restartedMain] HHH000204: Processing PersistenceUnitInfo [name: default]
2021-03-21 19:22:17,687 INFO com.zaxxer.hikari.HikariDataSource [restartedMain] HikariPool-2 - Starting...
2021-03-21 19:22:17,745 INFO com.zaxxer.hikari.HikariDataSource [restartedMain] HikariPool-2 - Start completed.
2021-03-21 19:22:17,746 INFO org.hibernate.dialect.Dialect [restartedMain] HHH000400: Using dialect: org.hibernate.dialect.PostgreSQL10Dialect
2021-03-21 19:22:18,663 INFO org.hibernate.engine.transaction.jta.platform.internal.JtaPlatformInitiator [restartedMain] HHH000490: Using JtaPlatform implementation: [org.hibernate.engine.transaction.jta.platform.internal.NoJtaPlatform]
2021-03-21 19:22:18,664 INFO org.springframework.orm.jpa.LocalContainerEntityManagerFactoryBean [restartedMain] Initialized JPA EntityManagerFactory for persistence unit 'default'
2021-03-21 19:22:18,671 INFO org.springframework.boot.devtools.autoconfigure.OptionalLiveReloadServer [restartedMain] LiveReload server is running on port 35729
2021-03-21 19:22:19,035 WARN org.springframework.boot.autoconfigure.orm.jpa.JpaBaseConfiguration$JpaWebConfiguration [restartedMain] spring.jpa.open-in-view is enabled by default. Therefore, database queries may be performed during view rendering. Explicitly configure spring.jpa.open-in-view to disable this warning
2021-03-21 19:22:19,121 INFO org.springframework.boot.actuate.endpoint.web.EndpointLinksResolver [restartedMain] Exposing 2 endpoint(s) beneath base path '/actuator'
2021-03-21 19:22:19,330 INFO org.apache.coyote.http11.Http11NioProtocol [restartedMain] Starting ProtocolHandler ["http-nio-8081"]
2021-03-21 19:22:19,335 INFO org.springframework.boot.web.embedded.tomcat.TomcatWebServer [restartedMain] Tomcat started on port(s): 8081 (http) with context path '/springfox'
2021-03-21 19:22:19,609 INFO com.cg.hims.application.HomeInsuranceManagementSystemApplication [restartedMain] Started HomeInsuranceManagementSystemApplication in 3.03 seconds (JVM running for 998.736)
2021-03-21 19:22:19,614 INFO org.springframework.boot.devtools.autoconfigure.ConditionEvaluationDeltaLoggingListener [restartedMain] Condition evaluation unchanged
2021-03-21 19:27:55,253 INFO com.cg.hims.application.HomeInsuranceManagementSystemApplication [restartedMain] Starting HomeInsuranceManagementSystemApplication using Java 1.8.0_281 on LAPTOP-TM6B56L9 with PID 10788 (D:\Capgemini\git\HomeInsuranceSystem\Home-Insurance-Management-System\target\classes started by rohit in D:\Capgemini\git\HomeInsuranceSystem\Home-Insurance-Management-System)
2021-03-21 19:27:55,258 DEBUG com.cg.hims.application.HomeInsuranceManagementSystemApplication [restartedMain] Running with Spring Boot v2.4.3, Spring v5.3.4
2021-03-21 19:27:55,259 INFO com.cg.hims.application.HomeInsuranceManagementSystemApplication [restartedMain] No active profile set, falling back to default profiles: default
2021-03-21 19:27:55,363 INFO org.springframework.boot.devtools.env.DevToolsPropertyDefaultsPostProcessor [restartedMain] Devtools property defaults active! Set 'spring.devtools.add-properties' to 'false' to disable
2021-03-21 19:27:55,422 INFO org.springframework.boot.devtools.env.DevToolsPropertyDefaultsPostProcessor [restartedMain] For additional web related logging consider setting the 'logging.level.web' property to 'DEBUG'
2021-03-21 19:27:56,629 INFO org.springframework.data.repository.config.RepositoryConfigurationDelegate [restartedMain] Bootstrapping Spring Data JPA repositories in DEFAULT mode.
2021-03-21 19:27:56,788 INFO org.springframework.data.repository.config.RepositoryConfigurationDelegate [restartedMain] Finished Spring Data repository scanning in 69 ms. Found 7 JPA repository interfaces.
2021-03-21 19:27:58,530 INFO org.springframework.boot.web.embedded.tomcat.TomcatWebServer [restartedMain] Tomcat initialized with port(s): 8081 (http)
2021-03-21 19:27:58,548 INFO org.apache.coyote.http11.Http11NioProtocol [restartedMain] Initializing ProtocolHandler ["http-nio-8081"]
2021-03-21 19:27:58,549 INFO org.apache.catalina.core.StandardService [restartedMain] Starting service [Tomcat]
2021-03-21 19:27:58,550 INFO org.apache.catalina.core.StandardEngine [restartedMain] Starting Servlet engine: [Apache Tomcat/9.0.43]
2021-03-21 19:27:58,660 INFO org.apache.catalina.core.ContainerBase.[Tomcat].[localhost].[/springfox] [restartedMain] Initializing Spring embedded WebApplicationContext
2021-03-21 19:27:58,661 INFO org.springframework.boot.web.servlet.context.ServletWebServerApplicationContext [restartedMain] Root WebApplicationContext: initialization completed in 3238 ms
2021-03-21 19:27:59,130 INFO org.hibernate.jpa.internal.util.LogHelper [restartedMain] HHH000204: Processing PersistenceUnitInfo [name: default]
2021-03-21 19:27:59,194 INFO org.hibernate.Version [restartedMain] HHH000412: Hibernate ORM core version 5.4.28.Final
2021-03-21 19:27:59,370 INFO org.hibernate.annotations.common.Version [restartedMain] HCANN000001: Hibernate Commons Annotations {5.1.2.Final}
2021-03-21 19:27:59,488 INFO com.zaxxer.hikari.HikariDataSource [restartedMain] HikariPool-1 - Starting...
2021-03-21 19:28:00,139 INFO com.zaxxer.hikari.HikariDataSource [restartedMain] HikariPool-1 - Start completed.
2021-03-21 19:28:00,184 INFO org.hibernate.dialect.Dialect [restartedMain] HHH000400: Using dialect: org.hibernate.dialect.PostgreSQL10Dialect
2021-03-21 19:28:02,006 INFO org.hibernate.engine.transaction.jta.platform.internal.JtaPlatformInitiator [restartedMain] HHH000490: Using JtaPlatform implementation: [org.hibernate.engine.transaction.jta.platform.internal.NoJtaPlatform]
2021-03-21 19:28:02,018 INFO org.springframework.orm.jpa.LocalContainerEntityManagerFactoryBean [restartedMain] Initialized JPA EntityManagerFactory for persistence unit 'default'
2021-03-21 19:28:02,035 INFO org.springframework.boot.devtools.autoconfigure.OptionalLiveReloadServer [restartedMain] LiveReload server is running on port 35729
2021-03-21 19:28:03,316 WARN org.springframework.boot.autoconfigure.orm.jpa.JpaBaseConfiguration$JpaWebConfiguration [restartedMain] spring.jpa.open-in-view is enabled by default. Therefore, database queries may be performed during view rendering. Explicitly configure spring.jpa.open-in-view to disable this warning
2021-03-21 19:28:03,606 INFO org.springframework.boot.actuate.endpoint.web.EndpointLinksResolver [restartedMain] Exposing 2 endpoint(s) beneath base path '/actuator'
2021-03-21 19:28:04,193 INFO org.apache.coyote.http11.Http11NioProtocol [restartedMain] Starting ProtocolHandler ["http-nio-8081"]
2021-03-21 19:28:04,218 INFO org.springframework.boot.web.embedded.tomcat.TomcatWebServer [restartedMain] Tomcat started on port(s): 8081 (http) with context path '/springfox'
2021-03-21 19:28:04,834 INFO com.cg.hims.application.HomeInsuranceManagementSystemApplication [restartedMain] Started HomeInsuranceManagementSystemApplication in 9.995 seconds (JVM running for 10.72)
2021-03-21 19:28:18,594 INFO org.apache.catalina.core.ContainerBase.[Tomcat].[localhost].[/springfox] [http-nio-8081-exec-1] Initializing Spring DispatcherServlet 'dispatcherServlet'
2021-03-21 19:28:18,595 INFO org.springframework.web.servlet.DispatcherServlet [http-nio-8081-exec-1] Initializing Servlet 'dispatcherServlet'
2021-03-21 19:28:18,598 INFO org.springframework.web.servlet.DispatcherServlet [http-nio-8081-exec-1] Completed initialization in 2 ms
2021-03-21 19:28:29,097 DEBUG com.cg.hims.loggeraspect.AdminLoggerAspect [http-nio-8081-exec-7] Entering method : com.cg.hims.controller.AdminController.getAllPolicyHolders() with argument[s] = []
2021-03-21 19:28:29,363 DEBUG com.cg.hims.loggeraspect.AdminLoggerAspect [http-nio-8081-exec-7] Exiting method: com.cg.hims.controller.AdminController.getAllPolicyHolders() with result = <200 OK OK,[PolicyHolder(policyHolderId=4, policy_Holder_Name=Goldman, credit_Card=HDFC, dob=1994-12-12, occupation=police, annual_Income=450000.0, is_Retired=false, residence_type=owned, city=Chennai, state=TN, zip=500, residence_use=Individual, agent=null, user=null, admin=null, quote=null, property=null, policy=null), PolicyHolder(policyHolderId=9, policy_Holder_Name=shankar, credit_Card=hdfc bank, dob=1999-04-04, occupation=job, annual_Income=880000.0, is_Retired=false, residence_type=individual, city=vij, state=ap, zip=520018, residence_use=twenty, agent=null, user=null, admin=null, quote=null, property=null, policy=null), PolicyHolder(policyHolderId=402, policy_Holder_Name=Micky, credit_Card=Silver, dob=2001-02-02, occupation=Senior Analyst, annual_Income=340000.0, is_Retired=false, residence_type=Group, city=Tamilnadu, state=AP, zip=520010, residence_use=From 20 years, agent=null, user=null, admin=null, quote=Quote(quoteId=453, premium_Type=Silver, premium_amount=452820.0, dwelling_Coverage=6358.0, detached_Structure_Coverage=7864.0, personal_Property_Coverage=75752.0, additional_Living_Expense=678.0, medical_Expense=6252.0, deducible_Amount=122.0, agent=null), property=Property(propertyId=202, market_value=3700000, year_built=2009, square_footage=1278, has_Swimming_Pool=false), policy=Policy(policyId=102, policy_name=Home Insurance, policy_End_Date=2019-11-10, policy_Effective_Date=2011-12-12, policy_Terrm=9, policy_Status=Active, admin=null)), PolicyHolder(policyHolderId=401, policy_Holder_Name=Lucky, credit_Card=VISA, dob=2000-02-02, occupation=Senior Analyst, annual_Income=680000.0, is_Retired=false, residence_type=Group, city=Vijayawada, state=AP, zip=520010, residence_use=From 20 years, agent=null, user=null, admin=null, quote=Quote(quoteId=567, premium_Type=Gold, premium_amount=652820.0, dwelling_Coverage=7358.0, detached_Structure_Coverage=2464.0, personal_Property_Coverage=7252.0, additional_Living_Expense=5678.0, medical_Expense=6352.0, deducible_Amount=123432.0, agent=null), property=Property(propertyId=201, market_value=2500000, year_built=2010, square_footage=1000, has_Swimming_Pool=true), policy=Policy(policyId=101, policy_name=Home Insurance, policy_End_Date=2020-12-12, policy_Effective_Date=2012-12-12, policy_Terrm=8, policy_Status=Expired, admin=null)), PolicyHolder(policyHolderId=13, policy_Holder_Name=Mucky, credit_Card=VISA, dob=2000-02-02, occupation=Senior Analyst, annual_Income=680000.0, is_Retired=false, residence_type=Group, city=Vijayawada, state=AP, zip=520010, residence_use=From 20 years, agent=null, user=null, admin=null, quote=null, property=null, policy=null), PolicyHolder(policyHolderId=15, policy_Holder_Name=Mucky, credit_Card=VISA, dob=2000-02-02, occupation=Senior Analyst, annual_Income=680000.0, is_Retired=false, residence_type=Group, city=Vijayawada, state=AP, zip=520010, residence_use=From 20 years, agent=null, user=null, admin=null, quote=Quote(quoteId=18, premium_Type=Gold, premium_amount=652820.0, dwelling_Coverage=7358.0, detached_Structure_Coverage=2464.0, personal_Property_Coverage=7252.0, additional_Living_Expense=5678.0, medical_Expense=6352.0, deducible_Amount=123432.0, agent=null), property=Property(propertyId=17, market_value=3700000, year_built=2009, square_footage=1278, has_Swimming_Pool=false), policy=Policy(policyId=16, policy_name=Home Insurance, policy_End_Date=2020-12-12, policy_Effective_Date=2012-12-12, policy_Terrm=8, policy_Status=Expired, admin=null)), PolicyHolder(policyHolderId=19, policy_Holder_Name=Jacky, credit_Card=VISA, dob=2000-02-02, occupation=Senior Analyst, annual_Income=680000.0, is_Retired=false, residence_type=Group, city=Vijayawada, state=AP, zip=520010, residence_use=From 20 years, agent=null, user=null, admin=null, quote=Quote(quoteId=22, premium_Type=Gold, premium_amount=652820.0, dwelling_Coverage=7358.0, detached_Structure_Coverage=2464.0, personal_Property_Coverage=7252.0, additional_Living_Expense=5678.0, medical_Expense=6352.0, deducible_Amount=123432.0, agent=null), property=Property(propertyId=21, market_value=3700000, year_built=2009, square_footage=1278, has_Swimming_Pool=false), policy=Policy(policyId=20, policy_name=Home Insurance, policy_End_Date=2020-12-12, policy_Effective_Date=2012-12-12, policy_Terrm=8, policy_Status=Expired, admin=null)), PolicyHolder(policyHolderId=403, policy_Holder_Name=Nicky, credit_Card=Pearl, dob=2000-02-02, occupation=Senior Analyst, annual_Income=680000.0, is_Retired=false, residence_type=Group, city=Chennai, state=TN, zip=520010, residence_use=From 10 years, agent=Agent [agentId=1, agent_Name=Varun S, designation=Senior Analyst, salary=700000.0], user=null, admin=null, quote=Quote(quoteId=22, premium_Type=Gold, premium_amount=652820.0, dwelling_Coverage=7358.0, detached_Structure_Coverage=2464.0, personal_Property_Coverage=7252.0, additional_Living_Expense=5678.0, medical_Expense=6352.0, deducible_Amount=123432.0, agent=null), property=Property(propertyId=21, market_value=3700000, year_built=2009, square_footage=1278, has_Swimming_Pool=false), policy=Policy(policyId=20, policy_name=Home Insurance, policy_End_Date=2020-12-12, policy_Effective_Date=2012-12-12, policy_Terrm=8, policy_Status=Expired, admin=null))],[]>
